<?xml version="1.0" encoding="UTF-8"?>
<robot generator="Robot 3.2.2 (Python 3.7.6 on win32)" generated="20201023 11:57:14.741" rpa="false">
<suite id="s1" name="REST Test 1" source="C:\Users\wally\Documents\Python\Demo\MFRest\Suite\REST_Test_1.robot">
<test id="s1-t1" name="Rest Flight Number Test">
<kw name="Open Browser" library="SeleniumLibrary">
<doc>Opens a new browser instance to the optional ``url``.</doc>
<arguments>
<arg>about:blank</arg>
<arg>chrome</arg>
</arguments>
<msg timestamp="20201023 11:57:15.053" level="INFO">Opening browser 'chrome' to base url 'about:blank'.</msg>
<status status="PASS" starttime="20201023 11:57:15.053" endtime="20201023 11:57:18.425"></status>
</kw>
<kw name="Create Session" library="RequestsLibrary">
<doc>Create Session: create a HTTP session to a server</doc>
<arguments>
<arg>mysession</arg>
<arg>${API1}</arg>
</arguments>
<msg timestamp="20201023 11:57:18.427" level="INFO">Creating Session using : alias=mysession, url=http://localhost:8000/Flights_REST, headers={},                     cookies={}, auth=None, timeout=None, proxies=None, verify=False,                     debug=0 </msg>
<status status="PASS" starttime="20201023 11:57:18.426" endtime="20201023 11:57:18.427"></status>
</kw>
<kw name="Get Request" library="RequestsLibrary">
<doc>Send a GET request on the session object found using the
given `alias`</doc>
<arguments>
<arg>mysession</arg>
<arg>${endpoint1}</arg>
</arguments>
<assign>
<var>${resp}</var>
</assign>
<msg timestamp="20201023 11:57:18.457" level="INFO">GET Request : url=http://localhost:8000/Flights_REST/Flights/20279 
 path_url=/Flights_REST/Flights/20279 
 headers={'User-Agent': 'python-requests/2.24.0', 'Accept-Encoding': 'gzip, deflate', 'Accept': '*/*', 'Connection': 'keep-alive'} 
 body=None 
 </msg>
<msg timestamp="20201023 11:57:18.458" level="INFO">GET Response : url=http://localhost:8000/Flights_REST/Flights/20279 
 status=200, reason=OK 
 body=&lt;Flight xmlns="HP.SOAQ.SampleApp" xmlns:i="http://www.w3.org/2001/XMLSchema-instance"&gt;&lt;Airline&gt;AA&lt;/Airline&gt;&lt;ArrivalCity&gt;Denver&lt;/ArrivalCity&gt;&lt;ArrivalTime&gt;01:23 PM&lt;/ArrivalTime&gt;&lt;DepartureCity&gt;London&lt;/DepartureCity&gt;&lt;DepartureTime&gt;06:12 AM&lt;/DepartureTime&gt;&lt;FlightNumber&gt;20279&lt;/FlightNumber&gt;&lt;Price&gt;112.2&lt;/Price&gt;&lt;/Flight&gt; 
 </msg>
<msg timestamp="20201023 11:57:18.458" level="INFO">${resp} = &lt;Response [200]&gt;</msg>
<status status="PASS" starttime="20201023 11:57:18.431" endtime="20201023 11:57:18.458"></status>
</kw>
<kw name="Log Many" library="BuiltIn">
<doc>Logs the given messages as separate entries using the INFO level.</doc>
<arguments>
<arg>Status Code =</arg>
<arg>${resp.status_code}</arg>
</arguments>
<msg timestamp="20201023 11:57:18.462" level="INFO">Status Code =</msg>
<msg timestamp="20201023 11:57:18.463" level="INFO">200</msg>
<status status="PASS" starttime="20201023 11:57:18.462" endtime="20201023 11:57:18.463"></status>
</kw>
<kw name="Log Many" library="BuiltIn">
<doc>Logs the given messages as separate entries using the INFO level.</doc>
<arguments>
<arg>Content =</arg>
<arg>${resp.content}</arg>
</arguments>
<msg timestamp="20201023 11:57:18.463" level="INFO">Content =</msg>
<msg timestamp="20201023 11:57:18.464" level="INFO">&lt;Flight xmlns="HP.SOAQ.SampleApp" xmlns:i="http://www.w3.org/2001/XMLSchema-instance"&gt;&lt;Airline&gt;AA&lt;/Airline&gt;&lt;ArrivalCity&gt;Denver&lt;/ArrivalCity&gt;&lt;ArrivalTime&gt;01:23 PM&lt;/ArrivalTime&gt;&lt;DepartureCity&gt;London&lt;/DepartureCity&gt;&lt;DepartureTime&gt;06:12 AM&lt;/DepartureTime&gt;&lt;FlightNumber&gt;20279&lt;/FlightNumber&gt;&lt;Price&gt;112.2&lt;/Price&gt;&lt;/Flight&gt;</msg>
<status status="PASS" starttime="20201023 11:57:18.463" endtime="20201023 11:57:18.464"></status>
</kw>
<kw name="Log Many" library="BuiltIn">
<doc>Logs the given messages as separate entries using the INFO level.</doc>
<arguments>
<arg>Header =</arg>
<arg>${resp.headers}</arg>
</arguments>
<msg timestamp="20201023 11:57:18.464" level="INFO">Header =</msg>
<msg timestamp="20201023 11:57:18.465" level="INFO">{'Content-Length': '314', 'Content-Type': 'application/xml; charset=utf-8', 'Server': 'Microsoft-HTTPAPI/2.0', 'Date': 'Fri, 23 Oct 2020 16:57:18 GMT'}</msg>
<status status="PASS" starttime="20201023 11:57:18.464" endtime="20201023 11:57:18.465"></status>
</kw>
<kw name="Parse Xml" library="XML">
<doc>Parses the given XML file or string into an element structure.</doc>
<arguments>
<arg>${resp.content}</arg>
</arguments>
<assign>
<var>${root}</var>
</assign>
<msg timestamp="20201023 11:57:18.474" level="INFO">${root} = &lt;Element 'Flight' at 0x000002B3D69F0D68&gt;</msg>
<status status="PASS" starttime="20201023 11:57:18.471" endtime="20201023 11:57:18.474"></status>
</kw>
<kw name="Get Element Text" library="XML">
<doc>Returns all text of the element, possibly whitespace normalized.</doc>
<arguments>
<arg>${root}</arg>
<arg>Airline</arg>
</arguments>
<assign>
<var>${airline}</var>
</assign>
<msg timestamp="20201023 11:57:18.476" level="INFO">${airline} = AA</msg>
<status status="PASS" starttime="20201023 11:57:18.475" endtime="20201023 11:57:18.476"></status>
</kw>
<kw name="Get Element Text" library="XML">
<doc>Returns all text of the element, possibly whitespace normalized.</doc>
<arguments>
<arg>${root}</arg>
<arg>ArrivalCity</arg>
</arguments>
<assign>
<var>${arrcity}</var>
</assign>
<msg timestamp="20201023 11:57:18.477" level="INFO">${arrcity} = Denver</msg>
<status status="PASS" starttime="20201023 11:57:18.477" endtime="20201023 11:57:18.477"></status>
</kw>
<kw name="Close Browser" library="SeleniumLibrary">
<doc>Closes the current browser.</doc>
<status status="PASS" starttime="20201023 11:57:18.478" endtime="20201023 11:57:20.626"></status>
</kw>
<status status="PASS" starttime="20201023 11:57:15.053" endtime="20201023 11:57:20.627" critical="yes"></status>
</test>
<status status="PASS" starttime="20201023 11:57:14.741" endtime="20201023 11:57:20.630"></status>
</suite>
<statistics>
<total>
<stat pass="1" fail="0">Critical Tests</stat>
<stat pass="1" fail="0">All Tests</stat>
</total>
<tag>
</tag>
<suite>
<stat pass="1" fail="0" id="s1" name="REST Test 1">REST Test 1</stat>
</suite>
</statistics>
<errors>
</errors>
</robot>
