<?xml version="1.0" encoding="UTF-8"?>
<robot generator="Robot 3.2.1 (Python 3.8.3 on win32)" generated="20200727 16:08:16.665" rpa="false">
<suite id="s1" name="testIE" source="C:\Users\wally\Documents\Python\Demo2\TestSuite\testIE.robot">
<test id="s1-t1" name="Test Edge Browser">
<kw name="Start Test">
<arguments>
<arg>${browser1}</arg>
</arguments>
<kw name="Open Browser" library="Selenium2Library">
<doc>Opens a new browser instance to the optional ``url``.</doc>
<arguments>
<arg>about:blank</arg>
<arg>${browser}</arg>
</arguments>
<msg timestamp="20200727 16:08:16.931" level="INFO">Opening browser 'edge' to base url 'about:blank'.</msg>
<status status="PASS" starttime="20200727 16:08:16.931" endtime="20200727 16:08:20.857"></status>
</kw>
<kw name="Go To" library="Selenium2Library">
<doc>Navigates the current browser window to the provided ``url``.</doc>
<arguments>
<arg>${url}</arg>
</arguments>
<msg timestamp="20200727 16:08:20.857" level="INFO">Opening url 'http://www.google.com/'</msg>
<status status="PASS" starttime="20200727 16:08:20.857" endtime="20200727 16:08:22.356"></status>
</kw>
<kw name="Wait Until Element Is Visible" library="Selenium2Library">
<doc>Waits until the element ``locator`` is visible.</doc>
<arguments>
<arg>${xpath1_search}</arg>
<arg>5s</arg>
</arguments>
<status status="PASS" starttime="20200727 16:08:22.356" endtime="20200727 16:08:22.417"></status>
</kw>
<kw name="Get Window Titles" library="Selenium2Library">
<doc>Returns and logs titles of all windows of the selected browser.</doc>
<msg timestamp="20200727 16:08:22.527" level="INFO">Altogether 1 item.
1: Google</msg>
<status status="PASS" starttime="20200727 16:08:22.417" endtime="20200727 16:08:22.527"></status>
</kw>
<kw name="Log" library="BuiltIn">
<doc>Logs the given message with the given level.</doc>
<arguments>
<arg>${url}</arg>
</arguments>
<msg timestamp="20200727 16:08:22.528" level="INFO">http://www.google.com/</msg>
<status status="PASS" starttime="20200727 16:08:22.527" endtime="20200727 16:08:22.528"></status>
</kw>
<kw name="Log" library="BuiltIn">
<doc>Logs the given message with the given level.</doc>
<arguments>
<arg>${browser}</arg>
</arguments>
<msg timestamp="20200727 16:08:22.528" level="INFO">edge</msg>
<status status="PASS" starttime="20200727 16:08:22.528" endtime="20200727 16:08:22.528"></status>
</kw>
<kw name="Page Should Contain Element" library="Selenium2Library">
<doc>Verifies that element ``locator`` is found on the current page.</doc>
<arguments>
<arg>${xpath1_search}</arg>
</arguments>
<msg timestamp="20200727 16:08:22.536" level="INFO">Current page contains element 'name:q'.</msg>
<status status="PASS" starttime="20200727 16:08:22.528" endtime="20200727 16:08:22.536"></status>
</kw>
<status status="PASS" starttime="20200727 16:08:16.930" endtime="20200727 16:08:22.536"></status>
</kw>
<kw name="Sleep" library="BuiltIn">
<doc>Pauses the test executed for the given time.</doc>
<arguments>
<arg>3s</arg>
</arguments>
<msg timestamp="20200727 16:08:25.539" level="INFO">Slept 3 seconds</msg>
<status status="PASS" starttime="20200727 16:08:22.536" endtime="20200727 16:08:25.540"></status>
</kw>
<kw name="End Test">
<kw name="Close Browser" library="Selenium2Library">
<doc>Closes the current browser.</doc>
<status status="PASS" starttime="20200727 16:08:25.541" endtime="20200727 16:08:28.903"></status>
</kw>
<status status="PASS" starttime="20200727 16:08:25.541" endtime="20200727 16:08:28.904"></status>
</kw>
<tags>
<tag>smoke</tag>
</tags>
<status status="PASS" starttime="20200727 16:08:16.930" endtime="20200727 16:08:28.905" critical="yes"></status>
</test>
<status status="PASS" starttime="20200727 16:08:16.667" endtime="20200727 16:08:28.910"></status>
</suite>
<statistics>
<total>
<stat pass="1" fail="0">Critical Tests</stat>
<stat pass="1" fail="0">All Tests</stat>
</total>
<tag>
<stat pass="1" fail="0">smoke</stat>
</tag>
<suite>
<stat pass="1" fail="0" id="s1" name="testIE">testIE</stat>
</suite>
</statistics>
<errors>
</errors>
</robot>
