<?xml version="1.0" encoding="UTF-8"?>
<robot generator="Robot 3.2.1 (Python 3.8.2 on win32)" generated="20200703 16:20:12.174" rpa="false">
<suite id="s1" name="Sanity PageTests" source="C:\Users\wally\Documents\Python\Demo2\ToursDemo\TestSuite\Sanity_PageTests.robot">
<kw name="Launch Test" library="SanityCommon" type="setup">
<kw name="Open Excel Document" library="ExcelLibrary">
<doc>Opens xlsx document file.</doc>
<arguments>
<arg>filename=C:/Users/wally/Documents/Python/Demo2/ToursDemo/TestSuite/Sanity_HomePage.xlsx</arg>
<arg>doc_id=docid</arg>
</arguments>
<status status="PASS" starttime="20200703 16:20:13.634" endtime="20200703 16:20:13.671"></status>
</kw>
<kw name="Get Sheet" library="ExcelLibrary">
<doc>Returns a page from the current document.</doc>
<arguments>
<arg>sheet_name=REPO</arg>
</arguments>
<status status="PASS" starttime="20200703 16:20:13.672" endtime="20200703 16:20:13.672"></status>
</kw>
<kw name="Read Excel Column" library="ExcelLibrary">
<doc>Returns content of a column from the current sheet of the document.</doc>
<arguments>
<arg>col_num=1</arg>
<arg>row_offset=0</arg>
<arg>max_num=0</arg>
<arg>sheet_name=REPO</arg>
</arguments>
<assign>
<var>${tc}</var>
</assign>
<msg timestamp="20200703 16:20:13.672" level="INFO">${tc} = ['${tc}', 'TC1', 'TC2', 'TC3', 'TC4', 'TC5', 'TC6', 'TC7', 'TC8', 'TC9', 'TC10', 'TC11', 'TC12', 'TC13', 'TC14', 'TC15', 'TC16', 'TC17', 'TC18', 'TC19', 'TC20', 'TC21', 'TC22', 'TC23']</msg>
<status status="PASS" starttime="20200703 16:20:13.672" endtime="20200703 16:20:13.672"></status>
</kw>
<kw name="Read Excel Column" library="ExcelLibrary">
<doc>Returns content of a column from the current sheet of the document.</doc>
<arguments>
<arg>col_num=2</arg>
<arg>row_offset=0</arg>
<arg>max_num=0</arg>
<arg>sheet_name=REPO</arg>
</arguments>
<assign>
<var>${wnd_name}</var>
</assign>
<msg timestamp="20200703 16:20:13.673" level="INFO">${wnd_name} = ['${wnd_name}', 'Welcome: Mercury Tours', 'Welcome: Mercury Tours', 'Welcome: Mercury Tours', 'Welcome: Mercury Tours', 'Welcome: Mercury Tours', 'Welcome: Mercury Tours', 'Welcome: Mercury Tours', 'W...</msg>
<status status="PASS" starttime="20200703 16:20:13.672" endtime="20200703 16:20:13.673"></status>
</kw>
<kw name="Read Excel Column" library="ExcelLibrary">
<doc>Returns content of a column from the current sheet of the document.</doc>
<arguments>
<arg>col_num=3</arg>
<arg>row_offset=0</arg>
<arg>max_num=0</arg>
<arg>sheet_name=REPO</arg>
</arguments>
<assign>
<var>${wnd_object}</var>
</assign>
<msg timestamp="20200703 16:20:13.674" level="INFO">${wnd_object} = ['${wnd_object}', 'xpath://table/tbody/tr[1]/td/font/b', 'Link:Home', 'Link:Flights', 'Link:Hotels', "//a[contains(text(),'Car Rentals')]", 'Link:Cruises', "//a[contains(text(),'Destinations')]", "//a...</msg>
<status status="PASS" starttime="20200703 16:20:13.673" endtime="20200703 16:20:13.674"></status>
</kw>
<kw name="Get Excel Value" library="ReadExcel">
<arguments>
<arg>2</arg>
<arg>2</arg>
</arguments>
<assign>
<var>${HP_home}</var>
</assign>
<msg timestamp="20200703 16:20:13.682" level="INFO">${HP_home} = Link:Home</msg>
<status status="PASS" starttime="20200703 16:20:13.674" endtime="20200703 16:20:13.682"></status>
</kw>
<kw name="Get Excel Value" library="ReadExcel">
<arguments>
<arg>4</arg>
<arg>2</arg>
</arguments>
<assign>
<var>${HP_hotels}</var>
</assign>
<msg timestamp="20200703 16:20:13.690" level="INFO">${HP_hotels} = Link:Hotels</msg>
<status status="PASS" starttime="20200703 16:20:13.682" endtime="20200703 16:20:13.690"></status>
</kw>
<kw name="Get Excel Value" library="ReadExcel">
<arguments>
<arg>9</arg>
<arg>2</arg>
</arguments>
<assign>
<var>${UC_signon}</var>
</assign>
<msg timestamp="20200703 16:20:13.697" level="INFO">${UC_signon} = Link:SIGN-ON</msg>
<status status="PASS" starttime="20200703 16:20:13.690" endtime="20200703 16:20:13.697"></status>
</kw>
<kw name="Get Excel Value" library="ReadExcel">
<arguments>
<arg>20</arg>
<arg>2</arg>
</arguments>
<assign>
<var>${UC_return}</var>
</assign>
<msg timestamp="20200703 16:20:13.705" level="INFO">${UC_return} = xpath=(//a[@href="mercurywelcome.php"])[2]</msg>
<status status="PASS" starttime="20200703 16:20:13.698" endtime="20200703 16:20:13.705"></status>
</kw>
<kw name="Get Excel Value" library="ReadExcel">
<arguments>
<arg>41</arg>
<arg>2</arg>
</arguments>
<assign>
<var>${LO_Button}</var>
</assign>
<msg timestamp="20200703 16:20:13.712" level="INFO">${LO_Button} = //a[@href="mercurysignoff.php"]</msg>
<status status="PASS" starttime="20200703 16:20:13.705" endtime="20200703 16:20:13.712"></status>
</kw>
<kw name="Get Excel Value" library="ReadExcel">
<arguments>
<arg>42</arg>
<arg>2</arg>
</arguments>
<assign>
<var>${FF_Continue}</var>
</assign>
<msg timestamp="20200703 16:20:13.719" level="INFO">${FF_Continue} = //input[@name="findFlights"]</msg>
<status status="PASS" starttime="20200703 16:20:13.712" endtime="20200703 16:20:13.719"></status>
</kw>
<kw name="Get Excel Value" library="ReadExcel">
<arguments>
<arg>51</arg>
<arg>2</arg>
</arguments>
<assign>
<var>${SF_Continue}</var>
</assign>
<msg timestamp="20200703 16:20:13.726" level="INFO">${SF_Continue} = //input[@name="reserveFlights"]</msg>
<status status="PASS" starttime="20200703 16:20:13.719" endtime="20200703 16:20:13.726"></status>
</kw>
<kw name="Get Excel Value" library="ReadExcel">
<arguments>
<arg>63</arg>
<arg>2</arg>
</arguments>
<assign>
<var>${BF_Continue}</var>
</assign>
<msg timestamp="20200703 16:20:13.734" level="INFO">${BF_Continue} = //input[@name="buyFlights"]</msg>
<status status="PASS" starttime="20200703 16:20:13.726" endtime="20200703 16:20:13.734"></status>
</kw>
<kw name="Get Excel Value" library="ReadExcel">
<arguments>
<arg>67</arg>
<arg>2</arg>
</arguments>
<assign>
<var>${SO_return}</var>
</assign>
<msg timestamp="20200703 16:20:13.764" level="INFO">${SO_return} = xpath=(//a[@href="mercurysignoff.php"])[2]</msg>
<status status="PASS" starttime="20200703 16:20:13.734" endtime="20200703 16:20:13.764"></status>
</kw>
<kw name="Get Excel Value" library="ReadExcel">
<arguments>
<arg>10</arg>
<arg>2</arg>
</arguments>
<assign>
<var>${L_register}</var>
</assign>
<msg timestamp="20200703 16:20:13.772" level="INFO">${L_register} = Link:REGISTER</msg>
<status status="PASS" starttime="20200703 16:20:13.765" endtime="20200703 16:20:13.772"></status>
</kw>
<kw name="Set Global Variable" library="BuiltIn">
<doc>Makes a variable available globally in all tests and suites.</doc>
<arguments>
<arg>${wnd_object}</arg>
</arguments>
<msg timestamp="20200703 16:20:13.772" level="INFO">${wnd_object} = ['${wnd_object}', 'xpath://table/tbody/tr[1]/td/font/b', 'Link:Home', 'Link:Flights', 'Link:Hotels', "//a[contains(text(),'Car Rentals')]", 'Link:Cruises', "//a[contains(text(),'Destinations')]", "//a...</msg>
<status status="PASS" starttime="20200703 16:20:13.772" endtime="20200703 16:20:13.772"></status>
</kw>
<kw name="Set Global Variable" library="BuiltIn">
<doc>Makes a variable available globally in all tests and suites.</doc>
<arguments>
<arg>${wnd_name}</arg>
</arguments>
<msg timestamp="20200703 16:20:13.773" level="INFO">${wnd_name} = ['${wnd_name}', 'Welcome: Mercury Tours', 'Welcome: Mercury Tours', 'Welcome: Mercury Tours', 'Welcome: Mercury Tours', 'Welcome: Mercury Tours', 'Welcome: Mercury Tours', 'Welcome: Mercury Tours', 'W...</msg>
<status status="PASS" starttime="20200703 16:20:13.772" endtime="20200703 16:20:13.773"></status>
</kw>
<kw name="Read Excel Column" library="ExcelLibrary">
<doc>Returns content of a column from the current sheet of the document.</doc>
<arguments>
<arg>col_num=5</arg>
<arg>row_offset=0</arg>
<arg>max_num=0</arg>
<arg>sheet_name=REPO</arg>
</arguments>
<assign>
<var>${obj_description}</var>
</assign>
<msg timestamp="20200703 16:20:13.773" level="INFO">${obj_description} = ['${obj_description}', 'Current date display', 'Home page link', 'Home and flight page link', 'Hotels page link', 'Car rentals page link', 'Cruises page link', 'Destinations page link', 'Vacations pag...</msg>
<status status="PASS" starttime="20200703 16:20:13.773" endtime="20200703 16:20:13.773"></status>
</kw>
<kw name="Get List Sheet Names" library="ExcelLibrary">
<doc>Returns a list of sheet names in the current document.</doc>
<assign>
<var>${sheets}</var>
</assign>
<msg timestamp="20200703 16:20:13.774" level="INFO">${sheets} = ['REPO', 'TEST1', 'MSG']</msg>
<status status="PASS" starttime="20200703 16:20:13.774" endtime="20200703 16:20:13.774"></status>
</kw>
<kw name="Switch Current Excel Document" library="ExcelLibrary">
<doc>Switches current excel document.</doc>
<arguments>
<arg>docid</arg>
</arguments>
<status status="PASS" starttime="20200703 16:20:13.774" endtime="20200703 16:20:13.774"></status>
</kw>
<kw name="Get Sheet" library="ExcelLibrary">
<doc>Returns a page from the current document.</doc>
<arguments>
<arg>${sheets}[1]</arg>
</arguments>
<status status="PASS" starttime="20200703 16:20:13.774" endtime="20200703 16:20:13.775"></status>
</kw>
<kw name="Read Excel Cell" library="ExcelLibrary">
<doc>Returns content of a cell.</doc>
<arguments>
<arg>row_num=2</arg>
<arg>col_num=2</arg>
<arg>sheet_name=${sheets}[1]</arg>
</arguments>
<assign>
<var>${url}</var>
</assign>
<msg timestamp="20200703 16:20:13.775" level="INFO">${url} = http://www.newtours.demoaut.com/mercurywelcome.php</msg>
<status status="PASS" starttime="20200703 16:20:13.775" endtime="20200703 16:20:13.775"></status>
</kw>
<kw name="Read Excel Cell" library="ExcelLibrary">
<doc>Returns content of a cell.</doc>
<arguments>
<arg>row_num=2</arg>
<arg>col_num=3</arg>
<arg>sheet_name=${sheets}[1]</arg>
</arguments>
<assign>
<var>${browser}</var>
</assign>
<msg timestamp="20200703 16:20:13.776" level="INFO">${browser} = chrome</msg>
<status status="PASS" starttime="20200703 16:20:13.775" endtime="20200703 16:20:13.776"></status>
</kw>
<kw name="Read Excel Row" library="ExcelLibrary">
<doc>Returns content of a row from the current sheet of the document.</doc>
<arguments>
<arg>row_num=2</arg>
<arg>col_offset=0</arg>
<arg>max_num=0</arg>
<arg>sheet_name=${sheets}[1]</arg>
</arguments>
<assign>
<var>${testdata}</var>
</assign>
<msg timestamp="20200703 16:20:13.776" level="INFO">${testdata} = ['TC10', 'http://www.newtours.demoaut.com/mercurywelcome.php', 'chrome', 'demo', 'demo', 'Home Page Check Links', 'SUCCESS !! Links are good', None]</msg>
<status status="PASS" starttime="20200703 16:20:13.776" endtime="20200703 16:20:13.776"></status>
</kw>
<kw name="Set Global Variable" library="BuiltIn">
<doc>Makes a variable available globally in all tests and suites.</doc>
<arguments>
<arg>${testdata}</arg>
</arguments>
<msg timestamp="20200703 16:20:13.777" level="INFO">${testdata} = ['TC10', 'http://www.newtours.demoaut.com/mercurywelcome.php', 'chrome', 'demo', 'demo', 'Home Page Check Links', 'SUCCESS !! Links are good', None]</msg>
<status status="PASS" starttime="20200703 16:20:13.776" endtime="20200703 16:20:13.777"></status>
</kw>
<kw name="Set Global Variable" library="BuiltIn">
<doc>Makes a variable available globally in all tests and suites.</doc>
<arguments>
<arg>${HP_hotels}</arg>
</arguments>
<msg timestamp="20200703 16:20:13.777" level="INFO">${HP_hotels} = Link:Hotels</msg>
<status status="PASS" starttime="20200703 16:20:13.777" endtime="20200703 16:20:13.777"></status>
</kw>
<kw name="Set Global Variable" library="BuiltIn">
<doc>Makes a variable available globally in all tests and suites.</doc>
<arguments>
<arg>${UC_signon}</arg>
</arguments>
<msg timestamp="20200703 16:20:13.777" level="INFO">${UC_signon} = Link:SIGN-ON</msg>
<status status="PASS" starttime="20200703 16:20:13.777" endtime="20200703 16:20:13.777"></status>
</kw>
<kw name="Set Global Variable" library="BuiltIn">
<doc>Makes a variable available globally in all tests and suites.</doc>
<arguments>
<arg>${UC_return}</arg>
</arguments>
<msg timestamp="20200703 16:20:13.778" level="INFO">${UC_return} = xpath=(//a[@href="mercurywelcome.php"])[2]</msg>
<status status="PASS" starttime="20200703 16:20:13.777" endtime="20200703 16:20:13.778"></status>
</kw>
<kw name="Set Global Variable" library="BuiltIn">
<doc>Makes a variable available globally in all tests and suites.</doc>
<arguments>
<arg>${LO_Button}</arg>
</arguments>
<msg timestamp="20200703 16:20:13.778" level="INFO">${LO_Button} = //a[@href="mercurysignoff.php"]</msg>
<status status="PASS" starttime="20200703 16:20:13.778" endtime="20200703 16:20:13.778"></status>
</kw>
<kw name="Set Global Variable" library="BuiltIn">
<doc>Makes a variable available globally in all tests and suites.</doc>
<arguments>
<arg>${FF_Continue}</arg>
</arguments>
<msg timestamp="20200703 16:20:13.778" level="INFO">${FF_Continue} = //input[@name="findFlights"]</msg>
<status status="PASS" starttime="20200703 16:20:13.778" endtime="20200703 16:20:13.779"></status>
</kw>
<kw name="Set Global Variable" library="BuiltIn">
<doc>Makes a variable available globally in all tests and suites.</doc>
<arguments>
<arg>${SF_Continue}</arg>
</arguments>
<msg timestamp="20200703 16:20:13.779" level="INFO">${SF_Continue} = //input[@name="reserveFlights"]</msg>
<status status="PASS" starttime="20200703 16:20:13.779" endtime="20200703 16:20:13.779"></status>
</kw>
<kw name="Set Global Variable" library="BuiltIn">
<doc>Makes a variable available globally in all tests and suites.</doc>
<arguments>
<arg>${BF_Continue}</arg>
</arguments>
<msg timestamp="20200703 16:20:13.779" level="INFO">${BF_Continue} = //input[@name="buyFlights"]</msg>
<status status="PASS" starttime="20200703 16:20:13.779" endtime="20200703 16:20:13.779"></status>
</kw>
<kw name="Set Global Variable" library="BuiltIn">
<doc>Makes a variable available globally in all tests and suites.</doc>
<arguments>
<arg>${SO_return}</arg>
</arguments>
<msg timestamp="20200703 16:20:13.780" level="INFO">${SO_return} = xpath=(//a[@href="mercurysignoff.php"])[2]</msg>
<status status="PASS" starttime="20200703 16:20:13.779" endtime="20200703 16:20:13.780"></status>
</kw>
<kw name="Set Global Variable" library="BuiltIn">
<doc>Makes a variable available globally in all tests and suites.</doc>
<arguments>
<arg>${L_register}</arg>
</arguments>
<msg timestamp="20200703 16:20:13.780" level="INFO">${L_register} = Link:REGISTER</msg>
<status status="PASS" starttime="20200703 16:20:13.780" endtime="20200703 16:20:13.780"></status>
</kw>
<kw name="Set Global Variable" library="BuiltIn">
<doc>Makes a variable available globally in all tests and suites.</doc>
<arguments>
<arg>${HP_home}</arg>
</arguments>
<msg timestamp="20200703 16:20:13.780" level="INFO">${HP_home} = Link:Home</msg>
<status status="PASS" starttime="20200703 16:20:13.780" endtime="20200703 16:20:13.780"></status>
</kw>
<kw name="Open Browser" library="SeleniumLibrary">
<doc>Opens a new browser instance to the optional ``url``.</doc>
<arguments>
<arg>${url}</arg>
<arg>${browser}</arg>
</arguments>
<msg timestamp="20200703 16:20:13.781" level="INFO">Opening browser 'chrome' to base url 'http://www.newtours.demoaut.com/mercurywelcome.php'.</msg>
<status status="PASS" starttime="20200703 16:20:13.781" endtime="20200703 16:20:17.470"></status>
</kw>
<kw name="Sleep" library="BuiltIn">
<doc>Pauses the test executed for the given time.</doc>
<arguments>
<arg>3s</arg>
</arguments>
<msg timestamp="20200703 16:20:20.472" level="INFO">Slept 3 seconds</msg>
<status status="PASS" starttime="20200703 16:20:17.471" endtime="20200703 16:20:20.472"></status>
</kw>
<kw name="Maximize Browser Window" library="SeleniumLibrary">
<doc>Maximizes current browser window.</doc>
<status status="PASS" starttime="20200703 16:20:20.472" endtime="20200703 16:20:22.594"></status>
</kw>
<kw name="Log Title" library="SeleniumLibrary">
<doc>Logs and returns the title of the current page.</doc>
<msg timestamp="20200703 16:20:22.605" level="INFO">Welcome: Mercury Tours</msg>
<status status="PASS" starttime="20200703 16:20:22.594" endtime="20200703 16:20:22.606"></status>
</kw>
<status status="PASS" starttime="20200703 16:20:13.634" endtime="20200703 16:20:22.606"></status>
</kw>
<test id="s1-t1" name="Tours Page Object Tests - TC1 - Current date display">
<kw name="Sanity Test New Tours">
<arguments>
<arg>TC1</arg>
<arg>Welcome: Mercury Tours</arg>
<arg>xpath://table/tbody/tr[1]/td/font/b</arg>
<arg>Log</arg>
</arguments>
<kw name="Get Title" library="SeleniumLibrary">
<doc>Returns the title of the current page.</doc>
<assign>
<var>${wnd_title}</var>
</assign>
<msg timestamp="20200703 16:20:22.613" level="INFO">${wnd_title} = Welcome: Mercury Tours</msg>
<status status="PASS" starttime="20200703 16:20:22.608" endtime="20200703 16:20:22.613"></status>
</kw>
<kw name="Run Keyword If" library="BuiltIn">
<doc>Runs the given keyword with the given arguments, if ``condition`` is true.</doc>
<arguments>
<arg>"${wnd_name}"=="${wnd_title}"</arg>
<arg>No Operation</arg>
</arguments>
<assign>
<var>${var1}</var>
</assign>
<kw name="No Operation" library="BuiltIn">
<doc>Does absolutely nothing.</doc>
<status status="PASS" starttime="20200703 16:20:22.615" endtime="20200703 16:20:22.616"></status>
</kw>
<msg timestamp="20200703 16:20:22.618" level="INFO">${var1} = None</msg>
<status status="PASS" starttime="20200703 16:20:22.614" endtime="20200703 16:20:22.618"></status>
</kw>
<kw name="Run Keyword If" library="BuiltIn">
<doc>Runs the given keyword with the given arguments, if ``condition`` is true.</doc>
<arguments>
<arg>"${wnd_name}"!="${wnd_title}"</arg>
<arg>SanityCommon.Prepare For Page Change</arg>
<arg>${wnd_name}</arg>
<arg>${wnd_title}</arg>
<arg>${wnd_object}</arg>
</arguments>
<assign>
<var>${var1}</var>
</assign>
<msg timestamp="20200703 16:20:22.619" level="INFO">${var1} = None</msg>
<status status="PASS" starttime="20200703 16:20:22.618" endtime="20200703 16:20:22.619"></status>
</kw>
<kw name="Run Keyword If" library="BuiltIn">
<doc>Runs the given keyword with the given arguments, if ``condition`` is true.</doc>
<arguments>
<arg>"${objecttype}"=="Log"</arg>
<arg>SanityCommon.Send To Log</arg>
<arg>${wnd_object}</arg>
<arg>ELSE IF</arg>
<arg>'${objecttype}'=='Element'</arg>
<arg>SanityCommon.Verify Element</arg>
<arg>${wnd_object}</arg>
<arg>ELSE IF</arg>
<arg>'${objecttype}'=='Click Element'</arg>
<arg>SanityCommon.Verify Element</arg>
<arg>${wnd_object}</arg>
<arg>ELSE IF</arg>
<arg>'${objecttype}'=='Button'</arg>
<arg>SanityCommon.Verify Button</arg>
<arg>${wnd_object}</arg>
<arg>ELSE IF</arg>
<arg>'${objecttype}'=='Checkbox'</arg>
<arg>SanityCommon.Verify Checkbox</arg>
<arg>${wnd_object}</arg>
<arg>ELSE IF</arg>
<arg>'${objecttype}'=='Radio'</arg>
<arg>SanityCommon.Verify Radio Button</arg>
<arg>${wnd_object}</arg>
<arg>ELSE IF</arg>
<arg>'${objecttype}'=='Link'</arg>
<arg>SanityCommon.Verify Link</arg>
<arg>${wnd_object}</arg>
<arg>ELSE IF</arg>
<arg>'${objecttype}'=='Image'</arg>
<arg>SanityCommon.Verify Image</arg>
<arg>${wnd_object}</arg>
<arg>ELSE</arg>
<arg>SanityCommon.Verify Text Field</arg>
<arg>${wnd_object}</arg>
</arguments>
<assign>
<var>${var2}</var>
</assign>
<kw name="Send To Log" library="SanityCommon">
<arguments>
<arg>${wnd_object}</arg>
</arguments>
<kw name="Log" library="BuiltIn">
<doc>Logs the given message with the given level.</doc>
<arguments>
<arg>${wnd_object}</arg>
</arguments>
<msg timestamp="20200703 16:20:22.620" level="INFO">xpath://table/tbody/tr[1]/td/font/b</msg>
<status status="PASS" starttime="20200703 16:20:22.620" endtime="20200703 16:20:22.620"></status>
</kw>
<status status="PASS" starttime="20200703 16:20:22.620" endtime="20200703 16:20:22.620"></status>
</kw>
<msg timestamp="20200703 16:20:22.620" level="INFO">${var2} = None</msg>
<status status="PASS" starttime="20200703 16:20:22.620" endtime="20200703 16:20:22.620"></status>
</kw>
<kw name="Log Title" library="SeleniumLibrary">
<doc>Logs and returns the title of the current page.</doc>
<msg timestamp="20200703 16:20:22.625" level="INFO">Welcome: Mercury Tours</msg>
<status status="PASS" starttime="20200703 16:20:22.620" endtime="20200703 16:20:22.625"></status>
</kw>
<kw name="Pass Execution" library="BuiltIn">
<doc>Skips rest of the current test, setup, or teardown with PASS status.</doc>
<arguments>
<arg>"Test Completed"</arg>
</arguments>
<msg timestamp="20200703 16:20:22.625" level="INFO">Execution passed with message:
"Test Completed"</msg>
<status status="PASS" starttime="20200703 16:20:22.625" endtime="20200703 16:20:22.625"></status>
</kw>
<status status="PASS" starttime="20200703 16:20:22.608" endtime="20200703 16:20:22.626"></status>
</kw>
<status status="PASS" starttime="20200703 16:20:22.606" endtime="20200703 16:20:22.627" critical="yes">"Test Completed"</status>
</test>
<test id="s1-t2" name="Tours Page Object Tests - TC2 - Home page link">
<kw name="Sanity Test New Tours">
<arguments>
<arg>TC2</arg>
<arg>Welcome: Mercury Tours</arg>
<arg>Link:Home</arg>
<arg>Link</arg>
</arguments>
<kw name="Get Title" library="SeleniumLibrary">
<doc>Returns the title of the current page.</doc>
<assign>
<var>${wnd_title}</var>
</assign>
<msg timestamp="20200703 16:20:22.635" level="INFO">${wnd_title} = Welcome: Mercury Tours</msg>
<status status="PASS" starttime="20200703 16:20:22.630" endtime="20200703 16:20:22.635"></status>
</kw>
<kw name="Run Keyword If" library="BuiltIn">
<doc>Runs the given keyword with the given arguments, if ``condition`` is true.</doc>
<arguments>
<arg>"${wnd_name}"=="${wnd_title}"</arg>
<arg>No Operation</arg>
</arguments>
<assign>
<var>${var1}</var>
</assign>
<kw name="No Operation" library="BuiltIn">
<doc>Does absolutely nothing.</doc>
<status status="PASS" starttime="20200703 16:20:22.636" endtime="20200703 16:20:22.636"></status>
</kw>
<msg timestamp="20200703 16:20:22.637" level="INFO">${var1} = None</msg>
<status status="PASS" starttime="20200703 16:20:22.636" endtime="20200703 16:20:22.637"></status>
</kw>
<kw name="Run Keyword If" library="BuiltIn">
<doc>Runs the given keyword with the given arguments, if ``condition`` is true.</doc>
<arguments>
<arg>"${wnd_name}"!="${wnd_title}"</arg>
<arg>SanityCommon.Prepare For Page Change</arg>
<arg>${wnd_name}</arg>
<arg>${wnd_title}</arg>
<arg>${wnd_object}</arg>
</arguments>
<assign>
<var>${var1}</var>
</assign>
<msg timestamp="20200703 16:20:22.637" level="INFO">${var1} = None</msg>
<status status="PASS" starttime="20200703 16:20:22.637" endtime="20200703 16:20:22.637"></status>
</kw>
<kw name="Run Keyword If" library="BuiltIn">
<doc>Runs the given keyword with the given arguments, if ``condition`` is true.</doc>
<arguments>
<arg>"${objecttype}"=="Log"</arg>
<arg>SanityCommon.Send To Log</arg>
<arg>${wnd_object}</arg>
<arg>ELSE IF</arg>
<arg>'${objecttype}'=='Element'</arg>
<arg>SanityCommon.Verify Element</arg>
<arg>${wnd_object}</arg>
<arg>ELSE IF</arg>
<arg>'${objecttype}'=='Click Element'</arg>
<arg>SanityCommon.Verify Element</arg>
<arg>${wnd_object}</arg>
<arg>ELSE IF</arg>
<arg>'${objecttype}'=='Button'</arg>
<arg>SanityCommon.Verify Button</arg>
<arg>${wnd_object}</arg>
<arg>ELSE IF</arg>
<arg>'${objecttype}'=='Checkbox'</arg>
<arg>SanityCommon.Verify Checkbox</arg>
<arg>${wnd_object}</arg>
<arg>ELSE IF</arg>
<arg>'${objecttype}'=='Radio'</arg>
<arg>SanityCommon.Verify Radio Button</arg>
<arg>${wnd_object}</arg>
<arg>ELSE IF</arg>
<arg>'${objecttype}'=='Link'</arg>
<arg>SanityCommon.Verify Link</arg>
<arg>${wnd_object}</arg>
<arg>ELSE IF</arg>
<arg>'${objecttype}'=='Image'</arg>
<arg>SanityCommon.Verify Image</arg>
<arg>${wnd_object}</arg>
<arg>ELSE</arg>
<arg>SanityCommon.Verify Text Field</arg>
<arg>${wnd_object}</arg>
</arguments>
<assign>
<var>${var2}</var>
</assign>
<kw name="Verify Link" library="SanityCommon">
<arguments>
<arg>${wnd_object}</arg>
</arguments>
<kw name="Page Should Contain Link" library="SeleniumLibrary">
<doc>Verifies link identified by ``locator`` is found from current page.</doc>
<arguments>
<arg>${wnd_object}</arg>
</arguments>
<msg timestamp="20200703 16:20:22.686" level="INFO">Current page contains link 'Link:Home'.</msg>
<status status="PASS" starttime="20200703 16:20:22.639" endtime="20200703 16:20:22.686"></status>
</kw>
<status status="PASS" starttime="20200703 16:20:22.638" endtime="20200703 16:20:22.687"></status>
</kw>
<msg timestamp="20200703 16:20:22.687" level="INFO">${var2} = None</msg>
<status status="PASS" starttime="20200703 16:20:22.637" endtime="20200703 16:20:22.687"></status>
</kw>
<kw name="Log Title" library="SeleniumLibrary">
<doc>Logs and returns the title of the current page.</doc>
<msg timestamp="20200703 16:20:22.690" level="INFO">Welcome: Mercury Tours</msg>
<status status="PASS" starttime="20200703 16:20:22.687" endtime="20200703 16:20:22.690"></status>
</kw>
<kw name="Pass Execution" library="BuiltIn">
<doc>Skips rest of the current test, setup, or teardown with PASS status.</doc>
<arguments>
<arg>"Test Completed"</arg>
</arguments>
<msg timestamp="20200703 16:20:22.691" level="INFO">Execution passed with message:
"Test Completed"</msg>
<status status="PASS" starttime="20200703 16:20:22.690" endtime="20200703 16:20:22.691"></status>
</kw>
<status status="PASS" starttime="20200703 16:20:22.628" endtime="20200703 16:20:22.691"></status>
</kw>
<status status="PASS" starttime="20200703 16:20:22.627" endtime="20200703 16:20:22.691" critical="yes">"Test Completed"</status>
</test>
<test id="s1-t3" name="Tours Page Object Tests - TC3 - Home and flight page link">
<kw name="Sanity Test New Tours">
<arguments>
<arg>TC3</arg>
<arg>Welcome: Mercury Tours</arg>
<arg>Link:Flights</arg>
<arg>Link</arg>
</arguments>
<kw name="Get Title" library="SeleniumLibrary">
<doc>Returns the title of the current page.</doc>
<assign>
<var>${wnd_title}</var>
</assign>
<msg timestamp="20200703 16:20:22.702" level="INFO">${wnd_title} = Welcome: Mercury Tours</msg>
<status status="PASS" starttime="20200703 16:20:22.694" endtime="20200703 16:20:22.702"></status>
</kw>
<kw name="Run Keyword If" library="BuiltIn">
<doc>Runs the given keyword with the given arguments, if ``condition`` is true.</doc>
<arguments>
<arg>"${wnd_name}"=="${wnd_title}"</arg>
<arg>No Operation</arg>
</arguments>
<assign>
<var>${var1}</var>
</assign>
<kw name="No Operation" library="BuiltIn">
<doc>Does absolutely nothing.</doc>
<status status="PASS" starttime="20200703 16:20:22.703" endtime="20200703 16:20:22.703"></status>
</kw>
<msg timestamp="20200703 16:20:22.703" level="INFO">${var1} = None</msg>
<status status="PASS" starttime="20200703 16:20:22.702" endtime="20200703 16:20:22.703"></status>
</kw>
<kw name="Run Keyword If" library="BuiltIn">
<doc>Runs the given keyword with the given arguments, if ``condition`` is true.</doc>
<arguments>
<arg>"${wnd_name}"!="${wnd_title}"</arg>
<arg>SanityCommon.Prepare For Page Change</arg>
<arg>${wnd_name}</arg>
<arg>${wnd_title}</arg>
<arg>${wnd_object}</arg>
</arguments>
<assign>
<var>${var1}</var>
</assign>
<msg timestamp="20200703 16:20:22.704" level="INFO">${var1} = None</msg>
<status status="PASS" starttime="20200703 16:20:22.703" endtime="20200703 16:20:22.704"></status>
</kw>
<kw name="Run Keyword If" library="BuiltIn">
<doc>Runs the given keyword with the given arguments, if ``condition`` is true.</doc>
<arguments>
<arg>"${objecttype}"=="Log"</arg>
<arg>SanityCommon.Send To Log</arg>
<arg>${wnd_object}</arg>
<arg>ELSE IF</arg>
<arg>'${objecttype}'=='Element'</arg>
<arg>SanityCommon.Verify Element</arg>
<arg>${wnd_object}</arg>
<arg>ELSE IF</arg>
<arg>'${objecttype}'=='Click Element'</arg>
<arg>SanityCommon.Verify Element</arg>
<arg>${wnd_object}</arg>
<arg>ELSE IF</arg>
<arg>'${objecttype}'=='Button'</arg>
<arg>SanityCommon.Verify Button</arg>
<arg>${wnd_object}</arg>
<arg>ELSE IF</arg>
<arg>'${objecttype}'=='Checkbox'</arg>
<arg>SanityCommon.Verify Checkbox</arg>
<arg>${wnd_object}</arg>
<arg>ELSE IF</arg>
<arg>'${objecttype}'=='Radio'</arg>
<arg>SanityCommon.Verify Radio Button</arg>
<arg>${wnd_object}</arg>
<arg>ELSE IF</arg>
<arg>'${objecttype}'=='Link'</arg>
<arg>SanityCommon.Verify Link</arg>
<arg>${wnd_object}</arg>
<arg>ELSE IF</arg>
<arg>'${objecttype}'=='Image'</arg>
<arg>SanityCommon.Verify Image</arg>
<arg>${wnd_object}</arg>
<arg>ELSE</arg>
<arg>SanityCommon.Verify Text Field</arg>
<arg>${wnd_object}</arg>
</arguments>
<assign>
<var>${var2}</var>
</assign>
<kw name="Verify Link" library="SanityCommon">
<arguments>
<arg>${wnd_object}</arg>
</arguments>
<kw name="Page Should Contain Link" library="SeleniumLibrary">
<doc>Verifies link identified by ``locator`` is found from current page.</doc>
<arguments>
<arg>${wnd_object}</arg>
</arguments>
<msg timestamp="20200703 16:20:22.739" level="INFO">Current page contains link 'Link:Flights'.</msg>
<status status="PASS" starttime="20200703 16:20:22.705" endtime="20200703 16:20:22.739"></status>
</kw>
<status status="PASS" starttime="20200703 16:20:22.705" endtime="20200703 16:20:22.739"></status>
</kw>
<msg timestamp="20200703 16:20:22.740" level="INFO">${var2} = None</msg>
<status status="PASS" starttime="20200703 16:20:22.704" endtime="20200703 16:20:22.740"></status>
</kw>
<kw name="Log Title" library="SeleniumLibrary">
<doc>Logs and returns the title of the current page.</doc>
<msg timestamp="20200703 16:20:22.742" level="INFO">Welcome: Mercury Tours</msg>
<status status="PASS" starttime="20200703 16:20:22.740" endtime="20200703 16:20:22.743"></status>
</kw>
<kw name="Pass Execution" library="BuiltIn">
<doc>Skips rest of the current test, setup, or teardown with PASS status.</doc>
<arguments>
<arg>"Test Completed"</arg>
</arguments>
<msg timestamp="20200703 16:20:22.743" level="INFO">Execution passed with message:
"Test Completed"</msg>
<status status="PASS" starttime="20200703 16:20:22.743" endtime="20200703 16:20:22.743"></status>
</kw>
<status status="PASS" starttime="20200703 16:20:22.693" endtime="20200703 16:20:22.743"></status>
</kw>
<status status="PASS" starttime="20200703 16:20:22.692" endtime="20200703 16:20:22.743" critical="yes">"Test Completed"</status>
</test>
<test id="s1-t4" name="Tours Page Object Tests - TC4 - Hotels page link">
<kw name="Sanity Test New Tours">
<arguments>
<arg>TC4</arg>
<arg>Welcome: Mercury Tours</arg>
<arg>Link:Hotels</arg>
<arg>Link</arg>
</arguments>
<kw name="Get Title" library="SeleniumLibrary">
<doc>Returns the title of the current page.</doc>
<assign>
<var>${wnd_title}</var>
</assign>
<msg timestamp="20200703 16:20:22.754" level="INFO">${wnd_title} = Welcome: Mercury Tours</msg>
<status status="PASS" starttime="20200703 16:20:22.747" endtime="20200703 16:20:22.754"></status>
</kw>
<kw name="Run Keyword If" library="BuiltIn">
<doc>Runs the given keyword with the given arguments, if ``condition`` is true.</doc>
<arguments>
<arg>"${wnd_name}"=="${wnd_title}"</arg>
<arg>No Operation</arg>
</arguments>
<assign>
<var>${var1}</var>
</assign>
<kw name="No Operation" library="BuiltIn">
<doc>Does absolutely nothing.</doc>
<status status="PASS" starttime="20200703 16:20:22.755" endtime="20200703 16:20:22.755"></status>
</kw>
<msg timestamp="20200703 16:20:22.755" level="INFO">${var1} = None</msg>
<status status="PASS" starttime="20200703 16:20:22.754" endtime="20200703 16:20:22.755"></status>
</kw>
<kw name="Run Keyword If" library="BuiltIn">
<doc>Runs the given keyword with the given arguments, if ``condition`` is true.</doc>
<arguments>
<arg>"${wnd_name}"!="${wnd_title}"</arg>
<arg>SanityCommon.Prepare For Page Change</arg>
<arg>${wnd_name}</arg>
<arg>${wnd_title}</arg>
<arg>${wnd_object}</arg>
</arguments>
<assign>
<var>${var1}</var>
</assign>
<msg timestamp="20200703 16:20:22.755" level="INFO">${var1} = None</msg>
<status status="PASS" starttime="20200703 16:20:22.755" endtime="20200703 16:20:22.755"></status>
</kw>
<kw name="Run Keyword If" library="BuiltIn">
<doc>Runs the given keyword with the given arguments, if ``condition`` is true.</doc>
<arguments>
<arg>"${objecttype}"=="Log"</arg>
<arg>SanityCommon.Send To Log</arg>
<arg>${wnd_object}</arg>
<arg>ELSE IF</arg>
<arg>'${objecttype}'=='Element'</arg>
<arg>SanityCommon.Verify Element</arg>
<arg>${wnd_object}</arg>
<arg>ELSE IF</arg>
<arg>'${objecttype}'=='Click Element'</arg>
<arg>SanityCommon.Verify Element</arg>
<arg>${wnd_object}</arg>
<arg>ELSE IF</arg>
<arg>'${objecttype}'=='Button'</arg>
<arg>SanityCommon.Verify Button</arg>
<arg>${wnd_object}</arg>
<arg>ELSE IF</arg>
<arg>'${objecttype}'=='Checkbox'</arg>
<arg>SanityCommon.Verify Checkbox</arg>
<arg>${wnd_object}</arg>
<arg>ELSE IF</arg>
<arg>'${objecttype}'=='Radio'</arg>
<arg>SanityCommon.Verify Radio Button</arg>
<arg>${wnd_object}</arg>
<arg>ELSE IF</arg>
<arg>'${objecttype}'=='Link'</arg>
<arg>SanityCommon.Verify Link</arg>
<arg>${wnd_object}</arg>
<arg>ELSE IF</arg>
<arg>'${objecttype}'=='Image'</arg>
<arg>SanityCommon.Verify Image</arg>
<arg>${wnd_object}</arg>
<arg>ELSE</arg>
<arg>SanityCommon.Verify Text Field</arg>
<arg>${wnd_object}</arg>
</arguments>
<assign>
<var>${var2}</var>
</assign>
<kw name="Verify Link" library="SanityCommon">
<arguments>
<arg>${wnd_object}</arg>
</arguments>
<kw name="Page Should Contain Link" library="SeleniumLibrary">
<doc>Verifies link identified by ``locator`` is found from current page.</doc>
<arguments>
<arg>${wnd_object}</arg>
</arguments>
<msg timestamp="20200703 16:20:22.796" level="INFO">Current page contains link 'Link:Hotels'.</msg>
<status status="PASS" starttime="20200703 16:20:22.757" endtime="20200703 16:20:22.796"></status>
</kw>
<status status="PASS" starttime="20200703 16:20:22.756" endtime="20200703 16:20:22.796"></status>
</kw>
<msg timestamp="20200703 16:20:22.796" level="INFO">${var2} = None</msg>
<status status="PASS" starttime="20200703 16:20:22.756" endtime="20200703 16:20:22.796"></status>
</kw>
<kw name="Log Title" library="SeleniumLibrary">
<doc>Logs and returns the title of the current page.</doc>
<msg timestamp="20200703 16:20:22.800" level="INFO">Welcome: Mercury Tours</msg>
<status status="PASS" starttime="20200703 16:20:22.797" endtime="20200703 16:20:22.800"></status>
</kw>
<kw name="Pass Execution" library="BuiltIn">
<doc>Skips rest of the current test, setup, or teardown with PASS status.</doc>
<arguments>
<arg>"Test Completed"</arg>
</arguments>
<msg timestamp="20200703 16:20:22.801" level="INFO">Execution passed with message:
"Test Completed"</msg>
<status status="PASS" starttime="20200703 16:20:22.800" endtime="20200703 16:20:22.801"></status>
</kw>
<status status="PASS" starttime="20200703 16:20:22.746" endtime="20200703 16:20:22.801"></status>
</kw>
<status status="PASS" starttime="20200703 16:20:22.744" endtime="20200703 16:20:22.802" critical="yes">"Test Completed"</status>
</test>
<test id="s1-t5" name="Tours Page Object Tests - TC5 - Car rentals page link">
<kw name="Sanity Test New Tours">
<arguments>
<arg>TC5</arg>
<arg>Welcome: Mercury Tours</arg>
<arg>//a[contains(text(),'Car Rentals')]</arg>
<arg>Element</arg>
</arguments>
<kw name="Get Title" library="SeleniumLibrary">
<doc>Returns the title of the current page.</doc>
<assign>
<var>${wnd_title}</var>
</assign>
<msg timestamp="20200703 16:20:22.808" level="INFO">${wnd_title} = Welcome: Mercury Tours</msg>
<status status="PASS" starttime="20200703 16:20:22.804" endtime="20200703 16:20:22.808"></status>
</kw>
<kw name="Run Keyword If" library="BuiltIn">
<doc>Runs the given keyword with the given arguments, if ``condition`` is true.</doc>
<arguments>
<arg>"${wnd_name}"=="${wnd_title}"</arg>
<arg>No Operation</arg>
</arguments>
<assign>
<var>${var1}</var>
</assign>
<kw name="No Operation" library="BuiltIn">
<doc>Does absolutely nothing.</doc>
<status status="PASS" starttime="20200703 16:20:22.809" endtime="20200703 16:20:22.809"></status>
</kw>
<msg timestamp="20200703 16:20:22.809" level="INFO">${var1} = None</msg>
<status status="PASS" starttime="20200703 16:20:22.808" endtime="20200703 16:20:22.809"></status>
</kw>
<kw name="Run Keyword If" library="BuiltIn">
<doc>Runs the given keyword with the given arguments, if ``condition`` is true.</doc>
<arguments>
<arg>"${wnd_name}"!="${wnd_title}"</arg>
<arg>SanityCommon.Prepare For Page Change</arg>
<arg>${wnd_name}</arg>
<arg>${wnd_title}</arg>
<arg>${wnd_object}</arg>
</arguments>
<assign>
<var>${var1}</var>
</assign>
<msg timestamp="20200703 16:20:22.809" level="INFO">${var1} = None</msg>
<status status="PASS" starttime="20200703 16:20:22.809" endtime="20200703 16:20:22.809"></status>
</kw>
<kw name="Run Keyword If" library="BuiltIn">
<doc>Runs the given keyword with the given arguments, if ``condition`` is true.</doc>
<arguments>
<arg>"${objecttype}"=="Log"</arg>
<arg>SanityCommon.Send To Log</arg>
<arg>${wnd_object}</arg>
<arg>ELSE IF</arg>
<arg>'${objecttype}'=='Element'</arg>
<arg>SanityCommon.Verify Element</arg>
<arg>${wnd_object}</arg>
<arg>ELSE IF</arg>
<arg>'${objecttype}'=='Click Element'</arg>
<arg>SanityCommon.Verify Element</arg>
<arg>${wnd_object}</arg>
<arg>ELSE IF</arg>
<arg>'${objecttype}'=='Button'</arg>
<arg>SanityCommon.Verify Button</arg>
<arg>${wnd_object}</arg>
<arg>ELSE IF</arg>
<arg>'${objecttype}'=='Checkbox'</arg>
<arg>SanityCommon.Verify Checkbox</arg>
<arg>${wnd_object}</arg>
<arg>ELSE IF</arg>
<arg>'${objecttype}'=='Radio'</arg>
<arg>SanityCommon.Verify Radio Button</arg>
<arg>${wnd_object}</arg>
<arg>ELSE IF</arg>
<arg>'${objecttype}'=='Link'</arg>
<arg>SanityCommon.Verify Link</arg>
<arg>${wnd_object}</arg>
<arg>ELSE IF</arg>
<arg>'${objecttype}'=='Image'</arg>
<arg>SanityCommon.Verify Image</arg>
<arg>${wnd_object}</arg>
<arg>ELSE</arg>
<arg>SanityCommon.Verify Text Field</arg>
<arg>${wnd_object}</arg>
</arguments>
<assign>
<var>${var2}</var>
</assign>
<kw name="Verify Element" library="SanityCommon">
<arguments>
<arg>${wnd_object}</arg>
</arguments>
<kw name="Page Should Contain Element" library="SeleniumLibrary">
<doc>Verifies that element ``locator`` is found on the current page.</doc>
<arguments>
<arg>${wnd_object}</arg>
</arguments>
<msg timestamp="20200703 16:20:22.822" level="INFO">Current page contains element '//a[contains(text(),'Car Rentals')]'.</msg>
<status status="PASS" starttime="20200703 16:20:22.810" endtime="20200703 16:20:22.822"></status>
</kw>
<status status="PASS" starttime="20200703 16:20:22.810" endtime="20200703 16:20:22.822"></status>
</kw>
<msg timestamp="20200703 16:20:22.822" level="INFO">${var2} = None</msg>
<status status="PASS" starttime="20200703 16:20:22.809" endtime="20200703 16:20:22.822"></status>
</kw>
<kw name="Log Title" library="SeleniumLibrary">
<doc>Logs and returns the title of the current page.</doc>
<msg timestamp="20200703 16:20:22.826" level="INFO">Welcome: Mercury Tours</msg>
<status status="PASS" starttime="20200703 16:20:22.823" endtime="20200703 16:20:22.826"></status>
</kw>
<kw name="Pass Execution" library="BuiltIn">
<doc>Skips rest of the current test, setup, or teardown with PASS status.</doc>
<arguments>
<arg>"Test Completed"</arg>
</arguments>
<msg timestamp="20200703 16:20:22.827" level="INFO">Execution passed with message:
"Test Completed"</msg>
<status status="PASS" starttime="20200703 16:20:22.827" endtime="20200703 16:20:22.827"></status>
</kw>
<status status="PASS" starttime="20200703 16:20:22.804" endtime="20200703 16:20:22.827"></status>
</kw>
<status status="PASS" starttime="20200703 16:20:22.803" endtime="20200703 16:20:22.828" critical="yes">"Test Completed"</status>
</test>
<test id="s1-t6" name="Tours Page Object Tests - TC6 - Cruises page link">
<kw name="Sanity Test New Tours">
<arguments>
<arg>TC6</arg>
<arg>Welcome: Mercury Tours</arg>
<arg>Link:Cruises</arg>
<arg>Link</arg>
</arguments>
<kw name="Get Title" library="SeleniumLibrary">
<doc>Returns the title of the current page.</doc>
<assign>
<var>${wnd_title}</var>
</assign>
<msg timestamp="20200703 16:20:22.834" level="INFO">${wnd_title} = Welcome: Mercury Tours</msg>
<status status="PASS" starttime="20200703 16:20:22.830" endtime="20200703 16:20:22.834"></status>
</kw>
<kw name="Run Keyword If" library="BuiltIn">
<doc>Runs the given keyword with the given arguments, if ``condition`` is true.</doc>
<arguments>
<arg>"${wnd_name}"=="${wnd_title}"</arg>
<arg>No Operation</arg>
</arguments>
<assign>
<var>${var1}</var>
</assign>
<kw name="No Operation" library="BuiltIn">
<doc>Does absolutely nothing.</doc>
<status status="PASS" starttime="20200703 16:20:22.835" endtime="20200703 16:20:22.835"></status>
</kw>
<msg timestamp="20200703 16:20:22.835" level="INFO">${var1} = None</msg>
<status status="PASS" starttime="20200703 16:20:22.834" endtime="20200703 16:20:22.835"></status>
</kw>
<kw name="Run Keyword If" library="BuiltIn">
<doc>Runs the given keyword with the given arguments, if ``condition`` is true.</doc>
<arguments>
<arg>"${wnd_name}"!="${wnd_title}"</arg>
<arg>SanityCommon.Prepare For Page Change</arg>
<arg>${wnd_name}</arg>
<arg>${wnd_title}</arg>
<arg>${wnd_object}</arg>
</arguments>
<assign>
<var>${var1}</var>
</assign>
<msg timestamp="20200703 16:20:22.836" level="INFO">${var1} = None</msg>
<status status="PASS" starttime="20200703 16:20:22.835" endtime="20200703 16:20:22.836"></status>
</kw>
<kw name="Run Keyword If" library="BuiltIn">
<doc>Runs the given keyword with the given arguments, if ``condition`` is true.</doc>
<arguments>
<arg>"${objecttype}"=="Log"</arg>
<arg>SanityCommon.Send To Log</arg>
<arg>${wnd_object}</arg>
<arg>ELSE IF</arg>
<arg>'${objecttype}'=='Element'</arg>
<arg>SanityCommon.Verify Element</arg>
<arg>${wnd_object}</arg>
<arg>ELSE IF</arg>
<arg>'${objecttype}'=='Click Element'</arg>
<arg>SanityCommon.Verify Element</arg>
<arg>${wnd_object}</arg>
<arg>ELSE IF</arg>
<arg>'${objecttype}'=='Button'</arg>
<arg>SanityCommon.Verify Button</arg>
<arg>${wnd_object}</arg>
<arg>ELSE IF</arg>
<arg>'${objecttype}'=='Checkbox'</arg>
<arg>SanityCommon.Verify Checkbox</arg>
<arg>${wnd_object}</arg>
<arg>ELSE IF</arg>
<arg>'${objecttype}'=='Radio'</arg>
<arg>SanityCommon.Verify Radio Button</arg>
<arg>${wnd_object}</arg>
<arg>ELSE IF</arg>
<arg>'${objecttype}'=='Link'</arg>
<arg>SanityCommon.Verify Link</arg>
<arg>${wnd_object}</arg>
<arg>ELSE IF</arg>
<arg>'${objecttype}'=='Image'</arg>
<arg>SanityCommon.Verify Image</arg>
<arg>${wnd_object}</arg>
<arg>ELSE</arg>
<arg>SanityCommon.Verify Text Field</arg>
<arg>${wnd_object}</arg>
</arguments>
<assign>
<var>${var2}</var>
</assign>
<kw name="Verify Link" library="SanityCommon">
<arguments>
<arg>${wnd_object}</arg>
</arguments>
<kw name="Page Should Contain Link" library="SeleniumLibrary">
<doc>Verifies link identified by ``locator`` is found from current page.</doc>
<arguments>
<arg>${wnd_object}</arg>
</arguments>
<msg timestamp="20200703 16:20:22.875" level="INFO">Current page contains link 'Link:Cruises'.</msg>
<status status="PASS" starttime="20200703 16:20:22.838" endtime="20200703 16:20:22.875"></status>
</kw>
<status status="PASS" starttime="20200703 16:20:22.837" endtime="20200703 16:20:22.875"></status>
</kw>
<msg timestamp="20200703 16:20:22.875" level="INFO">${var2} = None</msg>
<status status="PASS" starttime="20200703 16:20:22.836" endtime="20200703 16:20:22.875"></status>
</kw>
<kw name="Log Title" library="SeleniumLibrary">
<doc>Logs and returns the title of the current page.</doc>
<msg timestamp="20200703 16:20:22.881" level="INFO">Welcome: Mercury Tours</msg>
<status status="PASS" starttime="20200703 16:20:22.875" endtime="20200703 16:20:22.881"></status>
</kw>
<kw name="Pass Execution" library="BuiltIn">
<doc>Skips rest of the current test, setup, or teardown with PASS status.</doc>
<arguments>
<arg>"Test Completed"</arg>
</arguments>
<msg timestamp="20200703 16:20:22.881" level="INFO">Execution passed with message:
"Test Completed"</msg>
<status status="PASS" starttime="20200703 16:20:22.881" endtime="20200703 16:20:22.881"></status>
</kw>
<status status="PASS" starttime="20200703 16:20:22.829" endtime="20200703 16:20:22.882"></status>
</kw>
<status status="PASS" starttime="20200703 16:20:22.829" endtime="20200703 16:20:22.882" critical="yes">"Test Completed"</status>
</test>
<test id="s1-t7" name="Tours Page Object Tests - TC7 - Destinations page link">
<kw name="Sanity Test New Tours">
<arguments>
<arg>TC7</arg>
<arg>Welcome: Mercury Tours</arg>
<arg>//a[contains(text(),'Destinations')]</arg>
<arg>Link</arg>
</arguments>
<kw name="Get Title" library="SeleniumLibrary">
<doc>Returns the title of the current page.</doc>
<assign>
<var>${wnd_title}</var>
</assign>
<msg timestamp="20200703 16:20:22.891" level="INFO">${wnd_title} = Welcome: Mercury Tours</msg>
<status status="PASS" starttime="20200703 16:20:22.885" endtime="20200703 16:20:22.891"></status>
</kw>
<kw name="Run Keyword If" library="BuiltIn">
<doc>Runs the given keyword with the given arguments, if ``condition`` is true.</doc>
<arguments>
<arg>"${wnd_name}"=="${wnd_title}"</arg>
<arg>No Operation</arg>
</arguments>
<assign>
<var>${var1}</var>
</assign>
<kw name="No Operation" library="BuiltIn">
<doc>Does absolutely nothing.</doc>
<status status="PASS" starttime="20200703 16:20:22.892" endtime="20200703 16:20:22.892"></status>
</kw>
<msg timestamp="20200703 16:20:22.893" level="INFO">${var1} = None</msg>
<status status="PASS" starttime="20200703 16:20:22.892" endtime="20200703 16:20:22.893"></status>
</kw>
<kw name="Run Keyword If" library="BuiltIn">
<doc>Runs the given keyword with the given arguments, if ``condition`` is true.</doc>
<arguments>
<arg>"${wnd_name}"!="${wnd_title}"</arg>
<arg>SanityCommon.Prepare For Page Change</arg>
<arg>${wnd_name}</arg>
<arg>${wnd_title}</arg>
<arg>${wnd_object}</arg>
</arguments>
<assign>
<var>${var1}</var>
</assign>
<msg timestamp="20200703 16:20:22.893" level="INFO">${var1} = None</msg>
<status status="PASS" starttime="20200703 16:20:22.893" endtime="20200703 16:20:22.893"></status>
</kw>
<kw name="Run Keyword If" library="BuiltIn">
<doc>Runs the given keyword with the given arguments, if ``condition`` is true.</doc>
<arguments>
<arg>"${objecttype}"=="Log"</arg>
<arg>SanityCommon.Send To Log</arg>
<arg>${wnd_object}</arg>
<arg>ELSE IF</arg>
<arg>'${objecttype}'=='Element'</arg>
<arg>SanityCommon.Verify Element</arg>
<arg>${wnd_object}</arg>
<arg>ELSE IF</arg>
<arg>'${objecttype}'=='Click Element'</arg>
<arg>SanityCommon.Verify Element</arg>
<arg>${wnd_object}</arg>
<arg>ELSE IF</arg>
<arg>'${objecttype}'=='Button'</arg>
<arg>SanityCommon.Verify Button</arg>
<arg>${wnd_object}</arg>
<arg>ELSE IF</arg>
<arg>'${objecttype}'=='Checkbox'</arg>
<arg>SanityCommon.Verify Checkbox</arg>
<arg>${wnd_object}</arg>
<arg>ELSE IF</arg>
<arg>'${objecttype}'=='Radio'</arg>
<arg>SanityCommon.Verify Radio Button</arg>
<arg>${wnd_object}</arg>
<arg>ELSE IF</arg>
<arg>'${objecttype}'=='Link'</arg>
<arg>SanityCommon.Verify Link</arg>
<arg>${wnd_object}</arg>
<arg>ELSE IF</arg>
<arg>'${objecttype}'=='Image'</arg>
<arg>SanityCommon.Verify Image</arg>
<arg>${wnd_object}</arg>
<arg>ELSE</arg>
<arg>SanityCommon.Verify Text Field</arg>
<arg>${wnd_object}</arg>
</arguments>
<assign>
<var>${var2}</var>
</assign>
<kw name="Verify Link" library="SanityCommon">
<arguments>
<arg>${wnd_object}</arg>
</arguments>
<kw name="Page Should Contain Link" library="SeleniumLibrary">
<doc>Verifies link identified by ``locator`` is found from current page.</doc>
<arguments>
<arg>${wnd_object}</arg>
</arguments>
<msg timestamp="20200703 16:20:22.915" level="INFO">Current page contains link '//a[contains(text(),'Destinations')]'.</msg>
<status status="PASS" starttime="20200703 16:20:22.896" endtime="20200703 16:20:22.916"></status>
</kw>
<status status="PASS" starttime="20200703 16:20:22.895" endtime="20200703 16:20:22.916"></status>
</kw>
<msg timestamp="20200703 16:20:22.916" level="INFO">${var2} = None</msg>
<status status="PASS" starttime="20200703 16:20:22.893" endtime="20200703 16:20:22.916"></status>
</kw>
<kw name="Log Title" library="SeleniumLibrary">
<doc>Logs and returns the title of the current page.</doc>
<msg timestamp="20200703 16:20:22.920" level="INFO">Welcome: Mercury Tours</msg>
<status status="PASS" starttime="20200703 16:20:22.916" endtime="20200703 16:20:22.920"></status>
</kw>
<kw name="Pass Execution" library="BuiltIn">
<doc>Skips rest of the current test, setup, or teardown with PASS status.</doc>
<arguments>
<arg>"Test Completed"</arg>
</arguments>
<msg timestamp="20200703 16:20:22.921" level="INFO">Execution passed with message:
"Test Completed"</msg>
<status status="PASS" starttime="20200703 16:20:22.920" endtime="20200703 16:20:22.921"></status>
</kw>
<status status="PASS" starttime="20200703 16:20:22.884" endtime="20200703 16:20:22.921"></status>
</kw>
<status status="PASS" starttime="20200703 16:20:22.883" endtime="20200703 16:20:22.921" critical="yes">"Test Completed"</status>
</test>
<test id="s1-t8" name="Tours Page Object Tests - TC8 - Vacations page link">
<kw name="Sanity Test New Tours">
<arguments>
<arg>TC8</arg>
<arg>Welcome: Mercury Tours</arg>
<arg>//a[contains(text(),'Vacations')]</arg>
<arg>Link</arg>
</arguments>
<kw name="Get Title" library="SeleniumLibrary">
<doc>Returns the title of the current page.</doc>
<assign>
<var>${wnd_title}</var>
</assign>
<msg timestamp="20200703 16:20:22.928" level="INFO">${wnd_title} = Welcome: Mercury Tours</msg>
<status status="PASS" starttime="20200703 16:20:22.924" endtime="20200703 16:20:22.928"></status>
</kw>
<kw name="Run Keyword If" library="BuiltIn">
<doc>Runs the given keyword with the given arguments, if ``condition`` is true.</doc>
<arguments>
<arg>"${wnd_name}"=="${wnd_title}"</arg>
<arg>No Operation</arg>
</arguments>
<assign>
<var>${var1}</var>
</assign>
<kw name="No Operation" library="BuiltIn">
<doc>Does absolutely nothing.</doc>
<status status="PASS" starttime="20200703 16:20:22.929" endtime="20200703 16:20:22.930"></status>
</kw>
<msg timestamp="20200703 16:20:22.930" level="INFO">${var1} = None</msg>
<status status="PASS" starttime="20200703 16:20:22.928" endtime="20200703 16:20:22.930"></status>
</kw>
<kw name="Run Keyword If" library="BuiltIn">
<doc>Runs the given keyword with the given arguments, if ``condition`` is true.</doc>
<arguments>
<arg>"${wnd_name}"!="${wnd_title}"</arg>
<arg>SanityCommon.Prepare For Page Change</arg>
<arg>${wnd_name}</arg>
<arg>${wnd_title}</arg>
<arg>${wnd_object}</arg>
</arguments>
<assign>
<var>${var1}</var>
</assign>
<msg timestamp="20200703 16:20:22.931" level="INFO">${var1} = None</msg>
<status status="PASS" starttime="20200703 16:20:22.930" endtime="20200703 16:20:22.931"></status>
</kw>
<kw name="Run Keyword If" library="BuiltIn">
<doc>Runs the given keyword with the given arguments, if ``condition`` is true.</doc>
<arguments>
<arg>"${objecttype}"=="Log"</arg>
<arg>SanityCommon.Send To Log</arg>
<arg>${wnd_object}</arg>
<arg>ELSE IF</arg>
<arg>'${objecttype}'=='Element'</arg>
<arg>SanityCommon.Verify Element</arg>
<arg>${wnd_object}</arg>
<arg>ELSE IF</arg>
<arg>'${objecttype}'=='Click Element'</arg>
<arg>SanityCommon.Verify Element</arg>
<arg>${wnd_object}</arg>
<arg>ELSE IF</arg>
<arg>'${objecttype}'=='Button'</arg>
<arg>SanityCommon.Verify Button</arg>
<arg>${wnd_object}</arg>
<arg>ELSE IF</arg>
<arg>'${objecttype}'=='Checkbox'</arg>
<arg>SanityCommon.Verify Checkbox</arg>
<arg>${wnd_object}</arg>
<arg>ELSE IF</arg>
<arg>'${objecttype}'=='Radio'</arg>
<arg>SanityCommon.Verify Radio Button</arg>
<arg>${wnd_object}</arg>
<arg>ELSE IF</arg>
<arg>'${objecttype}'=='Link'</arg>
<arg>SanityCommon.Verify Link</arg>
<arg>${wnd_object}</arg>
<arg>ELSE IF</arg>
<arg>'${objecttype}'=='Image'</arg>
<arg>SanityCommon.Verify Image</arg>
<arg>${wnd_object}</arg>
<arg>ELSE</arg>
<arg>SanityCommon.Verify Text Field</arg>
<arg>${wnd_object}</arg>
</arguments>
<assign>
<var>${var2}</var>
</assign>
<kw name="Verify Link" library="SanityCommon">
<arguments>
<arg>${wnd_object}</arg>
</arguments>
<kw name="Page Should Contain Link" library="SeleniumLibrary">
<doc>Verifies link identified by ``locator`` is found from current page.</doc>
<arguments>
<arg>${wnd_object}</arg>
</arguments>
<msg timestamp="20200703 16:20:22.947" level="INFO">Current page contains link '//a[contains(text(),'Vacations')]'.</msg>
<status status="PASS" starttime="20200703 16:20:22.932" endtime="20200703 16:20:22.947"></status>
</kw>
<status status="PASS" starttime="20200703 16:20:22.932" endtime="20200703 16:20:22.947"></status>
</kw>
<msg timestamp="20200703 16:20:22.947" level="INFO">${var2} = None</msg>
<status status="PASS" starttime="20200703 16:20:22.931" endtime="20200703 16:20:22.947"></status>
</kw>
<kw name="Log Title" library="SeleniumLibrary">
<doc>Logs and returns the title of the current page.</doc>
<msg timestamp="20200703 16:20:22.950" level="INFO">Welcome: Mercury Tours</msg>
<status status="PASS" starttime="20200703 16:20:22.947" endtime="20200703 16:20:22.950"></status>
</kw>
<kw name="Pass Execution" library="BuiltIn">
<doc>Skips rest of the current test, setup, or teardown with PASS status.</doc>
<arguments>
<arg>"Test Completed"</arg>
</arguments>
<msg timestamp="20200703 16:20:22.951" level="INFO">Execution passed with message:
"Test Completed"</msg>
<status status="PASS" starttime="20200703 16:20:22.951" endtime="20200703 16:20:22.951"></status>
</kw>
<status status="PASS" starttime="20200703 16:20:22.923" endtime="20200703 16:20:22.951"></status>
</kw>
<status status="PASS" starttime="20200703 16:20:22.922" endtime="20200703 16:20:22.951" critical="yes">"Test Completed"</status>
</test>
<test id="s1-t9" name="Tours Page Object Tests - TC9 - Signon page link">
<kw name="Sanity Test New Tours">
<arguments>
<arg>TC9</arg>
<arg>Welcome: Mercury Tours</arg>
<arg>Link:SIGN-ON</arg>
<arg>Link</arg>
</arguments>
<kw name="Get Title" library="SeleniumLibrary">
<doc>Returns the title of the current page.</doc>
<assign>
<var>${wnd_title}</var>
</assign>
<msg timestamp="20200703 16:20:22.959" level="INFO">${wnd_title} = Welcome: Mercury Tours</msg>
<status status="PASS" starttime="20200703 16:20:22.956" endtime="20200703 16:20:22.959"></status>
</kw>
<kw name="Run Keyword If" library="BuiltIn">
<doc>Runs the given keyword with the given arguments, if ``condition`` is true.</doc>
<arguments>
<arg>"${wnd_name}"=="${wnd_title}"</arg>
<arg>No Operation</arg>
</arguments>
<assign>
<var>${var1}</var>
</assign>
<kw name="No Operation" library="BuiltIn">
<doc>Does absolutely nothing.</doc>
<status status="PASS" starttime="20200703 16:20:22.960" endtime="20200703 16:20:22.960"></status>
</kw>
<msg timestamp="20200703 16:20:22.960" level="INFO">${var1} = None</msg>
<status status="PASS" starttime="20200703 16:20:22.959" endtime="20200703 16:20:22.960"></status>
</kw>
<kw name="Run Keyword If" library="BuiltIn">
<doc>Runs the given keyword with the given arguments, if ``condition`` is true.</doc>
<arguments>
<arg>"${wnd_name}"!="${wnd_title}"</arg>
<arg>SanityCommon.Prepare For Page Change</arg>
<arg>${wnd_name}</arg>
<arg>${wnd_title}</arg>
<arg>${wnd_object}</arg>
</arguments>
<assign>
<var>${var1}</var>
</assign>
<msg timestamp="20200703 16:20:22.960" level="INFO">${var1} = None</msg>
<status status="PASS" starttime="20200703 16:20:22.960" endtime="20200703 16:20:22.960"></status>
</kw>
<kw name="Run Keyword If" library="BuiltIn">
<doc>Runs the given keyword with the given arguments, if ``condition`` is true.</doc>
<arguments>
<arg>"${objecttype}"=="Log"</arg>
<arg>SanityCommon.Send To Log</arg>
<arg>${wnd_object}</arg>
<arg>ELSE IF</arg>
<arg>'${objecttype}'=='Element'</arg>
<arg>SanityCommon.Verify Element</arg>
<arg>${wnd_object}</arg>
<arg>ELSE IF</arg>
<arg>'${objecttype}'=='Click Element'</arg>
<arg>SanityCommon.Verify Element</arg>
<arg>${wnd_object}</arg>
<arg>ELSE IF</arg>
<arg>'${objecttype}'=='Button'</arg>
<arg>SanityCommon.Verify Button</arg>
<arg>${wnd_object}</arg>
<arg>ELSE IF</arg>
<arg>'${objecttype}'=='Checkbox'</arg>
<arg>SanityCommon.Verify Checkbox</arg>
<arg>${wnd_object}</arg>
<arg>ELSE IF</arg>
<arg>'${objecttype}'=='Radio'</arg>
<arg>SanityCommon.Verify Radio Button</arg>
<arg>${wnd_object}</arg>
<arg>ELSE IF</arg>
<arg>'${objecttype}'=='Link'</arg>
<arg>SanityCommon.Verify Link</arg>
<arg>${wnd_object}</arg>
<arg>ELSE IF</arg>
<arg>'${objecttype}'=='Image'</arg>
<arg>SanityCommon.Verify Image</arg>
<arg>${wnd_object}</arg>
<arg>ELSE</arg>
<arg>SanityCommon.Verify Text Field</arg>
<arg>${wnd_object}</arg>
</arguments>
<assign>
<var>${var2}</var>
</assign>
<kw name="Verify Link" library="SanityCommon">
<arguments>
<arg>${wnd_object}</arg>
</arguments>
<kw name="Page Should Contain Link" library="SeleniumLibrary">
<doc>Verifies link identified by ``locator`` is found from current page.</doc>
<arguments>
<arg>${wnd_object}</arg>
</arguments>
<msg timestamp="20200703 16:20:22.992" level="INFO">Current page contains link 'Link:SIGN-ON'.</msg>
<status status="PASS" starttime="20200703 16:20:22.963" endtime="20200703 16:20:22.992"></status>
</kw>
<status status="PASS" starttime="20200703 16:20:22.962" endtime="20200703 16:20:22.992"></status>
</kw>
<msg timestamp="20200703 16:20:22.992" level="INFO">${var2} = None</msg>
<status status="PASS" starttime="20200703 16:20:22.960" endtime="20200703 16:20:22.992"></status>
</kw>
<kw name="Log Title" library="SeleniumLibrary">
<doc>Logs and returns the title of the current page.</doc>
<msg timestamp="20200703 16:20:22.996" level="INFO">Welcome: Mercury Tours</msg>
<status status="PASS" starttime="20200703 16:20:22.993" endtime="20200703 16:20:22.997"></status>
</kw>
<kw name="Pass Execution" library="BuiltIn">
<doc>Skips rest of the current test, setup, or teardown with PASS status.</doc>
<arguments>
<arg>"Test Completed"</arg>
</arguments>
<msg timestamp="20200703 16:20:22.997" level="INFO">Execution passed with message:
"Test Completed"</msg>
<status status="PASS" starttime="20200703 16:20:22.997" endtime="20200703 16:20:22.997"></status>
</kw>
<status status="PASS" starttime="20200703 16:20:22.955" endtime="20200703 16:20:22.997"></status>
</kw>
<status status="PASS" starttime="20200703 16:20:22.955" endtime="20200703 16:20:22.998" critical="yes">"Test Completed"</status>
</test>
<test id="s1-t10" name="Tours Page Object Tests - TC10 - Registration page link">
<kw name="Sanity Test New Tours">
<arguments>
<arg>TC10</arg>
<arg>Welcome: Mercury Tours</arg>
<arg>Link:REGISTER</arg>
<arg>Link</arg>
</arguments>
<kw name="Get Title" library="SeleniumLibrary">
<doc>Returns the title of the current page.</doc>
<assign>
<var>${wnd_title}</var>
</assign>
<msg timestamp="20200703 16:20:23.003" level="INFO">${wnd_title} = Welcome: Mercury Tours</msg>
<status status="PASS" starttime="20200703 16:20:23.000" endtime="20200703 16:20:23.003"></status>
</kw>
<kw name="Run Keyword If" library="BuiltIn">
<doc>Runs the given keyword with the given arguments, if ``condition`` is true.</doc>
<arguments>
<arg>"${wnd_name}"=="${wnd_title}"</arg>
<arg>No Operation</arg>
</arguments>
<assign>
<var>${var1}</var>
</assign>
<kw name="No Operation" library="BuiltIn">
<doc>Does absolutely nothing.</doc>
<status status="PASS" starttime="20200703 16:20:23.003" endtime="20200703 16:20:23.003"></status>
</kw>
<msg timestamp="20200703 16:20:23.004" level="INFO">${var1} = None</msg>
<status status="PASS" starttime="20200703 16:20:23.003" endtime="20200703 16:20:23.004"></status>
</kw>
<kw name="Run Keyword If" library="BuiltIn">
<doc>Runs the given keyword with the given arguments, if ``condition`` is true.</doc>
<arguments>
<arg>"${wnd_name}"!="${wnd_title}"</arg>
<arg>SanityCommon.Prepare For Page Change</arg>
<arg>${wnd_name}</arg>
<arg>${wnd_title}</arg>
<arg>${wnd_object}</arg>
</arguments>
<assign>
<var>${var1}</var>
</assign>
<msg timestamp="20200703 16:20:23.004" level="INFO">${var1} = None</msg>
<status status="PASS" starttime="20200703 16:20:23.004" endtime="20200703 16:20:23.004"></status>
</kw>
<kw name="Run Keyword If" library="BuiltIn">
<doc>Runs the given keyword with the given arguments, if ``condition`` is true.</doc>
<arguments>
<arg>"${objecttype}"=="Log"</arg>
<arg>SanityCommon.Send To Log</arg>
<arg>${wnd_object}</arg>
<arg>ELSE IF</arg>
<arg>'${objecttype}'=='Element'</arg>
<arg>SanityCommon.Verify Element</arg>
<arg>${wnd_object}</arg>
<arg>ELSE IF</arg>
<arg>'${objecttype}'=='Click Element'</arg>
<arg>SanityCommon.Verify Element</arg>
<arg>${wnd_object}</arg>
<arg>ELSE IF</arg>
<arg>'${objecttype}'=='Button'</arg>
<arg>SanityCommon.Verify Button</arg>
<arg>${wnd_object}</arg>
<arg>ELSE IF</arg>
<arg>'${objecttype}'=='Checkbox'</arg>
<arg>SanityCommon.Verify Checkbox</arg>
<arg>${wnd_object}</arg>
<arg>ELSE IF</arg>
<arg>'${objecttype}'=='Radio'</arg>
<arg>SanityCommon.Verify Radio Button</arg>
<arg>${wnd_object}</arg>
<arg>ELSE IF</arg>
<arg>'${objecttype}'=='Link'</arg>
<arg>SanityCommon.Verify Link</arg>
<arg>${wnd_object}</arg>
<arg>ELSE IF</arg>
<arg>'${objecttype}'=='Image'</arg>
<arg>SanityCommon.Verify Image</arg>
<arg>${wnd_object}</arg>
<arg>ELSE</arg>
<arg>SanityCommon.Verify Text Field</arg>
<arg>${wnd_object}</arg>
</arguments>
<assign>
<var>${var2}</var>
</assign>
<kw name="Verify Link" library="SanityCommon">
<arguments>
<arg>${wnd_object}</arg>
</arguments>
<kw name="Page Should Contain Link" library="SeleniumLibrary">
<doc>Verifies link identified by ``locator`` is found from current page.</doc>
<arguments>
<arg>${wnd_object}</arg>
</arguments>
<msg timestamp="20200703 16:20:23.038" level="INFO">Current page contains link 'Link:REGISTER'.</msg>
<status status="PASS" starttime="20200703 16:20:23.005" endtime="20200703 16:20:23.038"></status>
</kw>
<status status="PASS" starttime="20200703 16:20:23.005" endtime="20200703 16:20:23.038"></status>
</kw>
<msg timestamp="20200703 16:20:23.038" level="INFO">${var2} = None</msg>
<status status="PASS" starttime="20200703 16:20:23.004" endtime="20200703 16:20:23.039"></status>
</kw>
<kw name="Log Title" library="SeleniumLibrary">
<doc>Logs and returns the title of the current page.</doc>
<msg timestamp="20200703 16:20:23.042" level="INFO">Welcome: Mercury Tours</msg>
<status status="PASS" starttime="20200703 16:20:23.039" endtime="20200703 16:20:23.042"></status>
</kw>
<kw name="Pass Execution" library="BuiltIn">
<doc>Skips rest of the current test, setup, or teardown with PASS status.</doc>
<arguments>
<arg>"Test Completed"</arg>
</arguments>
<msg timestamp="20200703 16:20:23.042" level="INFO">Execution passed with message:
"Test Completed"</msg>
<status status="PASS" starttime="20200703 16:20:23.042" endtime="20200703 16:20:23.042"></status>
</kw>
<status status="PASS" starttime="20200703 16:20:22.999" endtime="20200703 16:20:23.043"></status>
</kw>
<status status="PASS" starttime="20200703 16:20:22.999" endtime="20200703 16:20:23.043" critical="yes">"Test Completed"</status>
</test>
<test id="s1-t11" name="Tours Page Object Tests - TC11 - Support page link">
<kw name="Sanity Test New Tours">
<arguments>
<arg>TC11</arg>
<arg>Welcome: Mercury Tours</arg>
<arg>//a[contains(text(),'SUPPORT')]</arg>
<arg>Link</arg>
</arguments>
<kw name="Get Title" library="SeleniumLibrary">
<doc>Returns the title of the current page.</doc>
<assign>
<var>${wnd_title}</var>
</assign>
<msg timestamp="20200703 16:20:23.051" level="INFO">${wnd_title} = Welcome: Mercury Tours</msg>
<status status="PASS" starttime="20200703 16:20:23.045" endtime="20200703 16:20:23.051"></status>
</kw>
<kw name="Run Keyword If" library="BuiltIn">
<doc>Runs the given keyword with the given arguments, if ``condition`` is true.</doc>
<arguments>
<arg>"${wnd_name}"=="${wnd_title}"</arg>
<arg>No Operation</arg>
</arguments>
<assign>
<var>${var1}</var>
</assign>
<kw name="No Operation" library="BuiltIn">
<doc>Does absolutely nothing.</doc>
<status status="PASS" starttime="20200703 16:20:23.051" endtime="20200703 16:20:23.052"></status>
</kw>
<msg timestamp="20200703 16:20:23.052" level="INFO">${var1} = None</msg>
<status status="PASS" starttime="20200703 16:20:23.051" endtime="20200703 16:20:23.052"></status>
</kw>
<kw name="Run Keyword If" library="BuiltIn">
<doc>Runs the given keyword with the given arguments, if ``condition`` is true.</doc>
<arguments>
<arg>"${wnd_name}"!="${wnd_title}"</arg>
<arg>SanityCommon.Prepare For Page Change</arg>
<arg>${wnd_name}</arg>
<arg>${wnd_title}</arg>
<arg>${wnd_object}</arg>
</arguments>
<assign>
<var>${var1}</var>
</assign>
<msg timestamp="20200703 16:20:23.052" level="INFO">${var1} = None</msg>
<status status="PASS" starttime="20200703 16:20:23.052" endtime="20200703 16:20:23.052"></status>
</kw>
<kw name="Run Keyword If" library="BuiltIn">
<doc>Runs the given keyword with the given arguments, if ``condition`` is true.</doc>
<arguments>
<arg>"${objecttype}"=="Log"</arg>
<arg>SanityCommon.Send To Log</arg>
<arg>${wnd_object}</arg>
<arg>ELSE IF</arg>
<arg>'${objecttype}'=='Element'</arg>
<arg>SanityCommon.Verify Element</arg>
<arg>${wnd_object}</arg>
<arg>ELSE IF</arg>
<arg>'${objecttype}'=='Click Element'</arg>
<arg>SanityCommon.Verify Element</arg>
<arg>${wnd_object}</arg>
<arg>ELSE IF</arg>
<arg>'${objecttype}'=='Button'</arg>
<arg>SanityCommon.Verify Button</arg>
<arg>${wnd_object}</arg>
<arg>ELSE IF</arg>
<arg>'${objecttype}'=='Checkbox'</arg>
<arg>SanityCommon.Verify Checkbox</arg>
<arg>${wnd_object}</arg>
<arg>ELSE IF</arg>
<arg>'${objecttype}'=='Radio'</arg>
<arg>SanityCommon.Verify Radio Button</arg>
<arg>${wnd_object}</arg>
<arg>ELSE IF</arg>
<arg>'${objecttype}'=='Link'</arg>
<arg>SanityCommon.Verify Link</arg>
<arg>${wnd_object}</arg>
<arg>ELSE IF</arg>
<arg>'${objecttype}'=='Image'</arg>
<arg>SanityCommon.Verify Image</arg>
<arg>${wnd_object}</arg>
<arg>ELSE</arg>
<arg>SanityCommon.Verify Text Field</arg>
<arg>${wnd_object}</arg>
</arguments>
<assign>
<var>${var2}</var>
</assign>
<kw name="Verify Link" library="SanityCommon">
<arguments>
<arg>${wnd_object}</arg>
</arguments>
<kw name="Page Should Contain Link" library="SeleniumLibrary">
<doc>Verifies link identified by ``locator`` is found from current page.</doc>
<arguments>
<arg>${wnd_object}</arg>
</arguments>
<msg timestamp="20200703 16:20:23.068" level="INFO">Current page contains link '//a[contains(text(),'SUPPORT')]'.</msg>
<status status="PASS" starttime="20200703 16:20:23.054" endtime="20200703 16:20:23.068"></status>
</kw>
<status status="PASS" starttime="20200703 16:20:23.053" endtime="20200703 16:20:23.068"></status>
</kw>
<msg timestamp="20200703 16:20:23.068" level="INFO">${var2} = None</msg>
<status status="PASS" starttime="20200703 16:20:23.053" endtime="20200703 16:20:23.068"></status>
</kw>
<kw name="Log Title" library="SeleniumLibrary">
<doc>Logs and returns the title of the current page.</doc>
<msg timestamp="20200703 16:20:23.072" level="INFO">Welcome: Mercury Tours</msg>
<status status="PASS" starttime="20200703 16:20:23.068" endtime="20200703 16:20:23.072"></status>
</kw>
<kw name="Pass Execution" library="BuiltIn">
<doc>Skips rest of the current test, setup, or teardown with PASS status.</doc>
<arguments>
<arg>"Test Completed"</arg>
</arguments>
<msg timestamp="20200703 16:20:23.073" level="INFO">Execution passed with message:
"Test Completed"</msg>
<status status="PASS" starttime="20200703 16:20:23.072" endtime="20200703 16:20:23.073"></status>
</kw>
<status status="PASS" starttime="20200703 16:20:23.044" endtime="20200703 16:20:23.073"></status>
</kw>
<status status="PASS" starttime="20200703 16:20:23.044" endtime="20200703 16:20:23.074" critical="yes">"Test Completed"</status>
</test>
<test id="s1-t12" name="Tours Page Object Tests - TC12 - Contacts page link">
<kw name="Sanity Test New Tours">
<arguments>
<arg>TC12</arg>
<arg>Welcome: Mercury Tours</arg>
<arg>//a[contains(text(),'CONTACT')]</arg>
<arg>Link</arg>
</arguments>
<kw name="Get Title" library="SeleniumLibrary">
<doc>Returns the title of the current page.</doc>
<assign>
<var>${wnd_title}</var>
</assign>
<msg timestamp="20200703 16:20:23.082" level="INFO">${wnd_title} = Welcome: Mercury Tours</msg>
<status status="PASS" starttime="20200703 16:20:23.078" endtime="20200703 16:20:23.082"></status>
</kw>
<kw name="Run Keyword If" library="BuiltIn">
<doc>Runs the given keyword with the given arguments, if ``condition`` is true.</doc>
<arguments>
<arg>"${wnd_name}"=="${wnd_title}"</arg>
<arg>No Operation</arg>
</arguments>
<assign>
<var>${var1}</var>
</assign>
<kw name="No Operation" library="BuiltIn">
<doc>Does absolutely nothing.</doc>
<status status="PASS" starttime="20200703 16:20:23.083" endtime="20200703 16:20:23.083"></status>
</kw>
<msg timestamp="20200703 16:20:23.083" level="INFO">${var1} = None</msg>
<status status="PASS" starttime="20200703 16:20:23.082" endtime="20200703 16:20:23.083"></status>
</kw>
<kw name="Run Keyword If" library="BuiltIn">
<doc>Runs the given keyword with the given arguments, if ``condition`` is true.</doc>
<arguments>
<arg>"${wnd_name}"!="${wnd_title}"</arg>
<arg>SanityCommon.Prepare For Page Change</arg>
<arg>${wnd_name}</arg>
<arg>${wnd_title}</arg>
<arg>${wnd_object}</arg>
</arguments>
<assign>
<var>${var1}</var>
</assign>
<msg timestamp="20200703 16:20:23.083" level="INFO">${var1} = None</msg>
<status status="PASS" starttime="20200703 16:20:23.083" endtime="20200703 16:20:23.083"></status>
</kw>
<kw name="Run Keyword If" library="BuiltIn">
<doc>Runs the given keyword with the given arguments, if ``condition`` is true.</doc>
<arguments>
<arg>"${objecttype}"=="Log"</arg>
<arg>SanityCommon.Send To Log</arg>
<arg>${wnd_object}</arg>
<arg>ELSE IF</arg>
<arg>'${objecttype}'=='Element'</arg>
<arg>SanityCommon.Verify Element</arg>
<arg>${wnd_object}</arg>
<arg>ELSE IF</arg>
<arg>'${objecttype}'=='Click Element'</arg>
<arg>SanityCommon.Verify Element</arg>
<arg>${wnd_object}</arg>
<arg>ELSE IF</arg>
<arg>'${objecttype}'=='Button'</arg>
<arg>SanityCommon.Verify Button</arg>
<arg>${wnd_object}</arg>
<arg>ELSE IF</arg>
<arg>'${objecttype}'=='Checkbox'</arg>
<arg>SanityCommon.Verify Checkbox</arg>
<arg>${wnd_object}</arg>
<arg>ELSE IF</arg>
<arg>'${objecttype}'=='Radio'</arg>
<arg>SanityCommon.Verify Radio Button</arg>
<arg>${wnd_object}</arg>
<arg>ELSE IF</arg>
<arg>'${objecttype}'=='Link'</arg>
<arg>SanityCommon.Verify Link</arg>
<arg>${wnd_object}</arg>
<arg>ELSE IF</arg>
<arg>'${objecttype}'=='Image'</arg>
<arg>SanityCommon.Verify Image</arg>
<arg>${wnd_object}</arg>
<arg>ELSE</arg>
<arg>SanityCommon.Verify Text Field</arg>
<arg>${wnd_object}</arg>
</arguments>
<assign>
<var>${var2}</var>
</assign>
<kw name="Verify Link" library="SanityCommon">
<arguments>
<arg>${wnd_object}</arg>
</arguments>
<kw name="Page Should Contain Link" library="SeleniumLibrary">
<doc>Verifies link identified by ``locator`` is found from current page.</doc>
<arguments>
<arg>${wnd_object}</arg>
</arguments>
<msg timestamp="20200703 16:20:23.099" level="INFO">Current page contains link '//a[contains(text(),'CONTACT')]'.</msg>
<status status="PASS" starttime="20200703 16:20:23.085" endtime="20200703 16:20:23.099"></status>
</kw>
<status status="PASS" starttime="20200703 16:20:23.084" endtime="20200703 16:20:23.100"></status>
</kw>
<msg timestamp="20200703 16:20:23.100" level="INFO">${var2} = None</msg>
<status status="PASS" starttime="20200703 16:20:23.083" endtime="20200703 16:20:23.100"></status>
</kw>
<kw name="Log Title" library="SeleniumLibrary">
<doc>Logs and returns the title of the current page.</doc>
<msg timestamp="20200703 16:20:23.103" level="INFO">Welcome: Mercury Tours</msg>
<status status="PASS" starttime="20200703 16:20:23.100" endtime="20200703 16:20:23.103"></status>
</kw>
<kw name="Pass Execution" library="BuiltIn">
<doc>Skips rest of the current test, setup, or teardown with PASS status.</doc>
<arguments>
<arg>"Test Completed"</arg>
</arguments>
<msg timestamp="20200703 16:20:23.104" level="INFO">Execution passed with message:
"Test Completed"</msg>
<status status="PASS" starttime="20200703 16:20:23.104" endtime="20200703 16:20:23.104"></status>
</kw>
<status status="PASS" starttime="20200703 16:20:23.077" endtime="20200703 16:20:23.104"></status>
</kw>
<status status="PASS" starttime="20200703 16:20:23.077" endtime="20200703 16:20:23.104" critical="yes">"Test Completed"</status>
</test>
<test id="s1-t13" name="Tours Page Object Tests - TC13 - User Name input">
<kw name="Sanity Test New Tours">
<arguments>
<arg>TC13</arg>
<arg>Welcome: Mercury Tours</arg>
<arg>Name:userName</arg>
<arg>Text</arg>
</arguments>
<kw name="Get Title" library="SeleniumLibrary">
<doc>Returns the title of the current page.</doc>
<assign>
<var>${wnd_title}</var>
</assign>
<msg timestamp="20200703 16:20:23.109" level="INFO">${wnd_title} = Welcome: Mercury Tours</msg>
<status status="PASS" starttime="20200703 16:20:23.106" endtime="20200703 16:20:23.109"></status>
</kw>
<kw name="Run Keyword If" library="BuiltIn">
<doc>Runs the given keyword with the given arguments, if ``condition`` is true.</doc>
<arguments>
<arg>"${wnd_name}"=="${wnd_title}"</arg>
<arg>No Operation</arg>
</arguments>
<assign>
<var>${var1}</var>
</assign>
<kw name="No Operation" library="BuiltIn">
<doc>Does absolutely nothing.</doc>
<status status="PASS" starttime="20200703 16:20:23.110" endtime="20200703 16:20:23.110"></status>
</kw>
<msg timestamp="20200703 16:20:23.110" level="INFO">${var1} = None</msg>
<status status="PASS" starttime="20200703 16:20:23.109" endtime="20200703 16:20:23.110"></status>
</kw>
<kw name="Run Keyword If" library="BuiltIn">
<doc>Runs the given keyword with the given arguments, if ``condition`` is true.</doc>
<arguments>
<arg>"${wnd_name}"!="${wnd_title}"</arg>
<arg>SanityCommon.Prepare For Page Change</arg>
<arg>${wnd_name}</arg>
<arg>${wnd_title}</arg>
<arg>${wnd_object}</arg>
</arguments>
<assign>
<var>${var1}</var>
</assign>
<msg timestamp="20200703 16:20:23.110" level="INFO">${var1} = None</msg>
<status status="PASS" starttime="20200703 16:20:23.110" endtime="20200703 16:20:23.110"></status>
</kw>
<kw name="Run Keyword If" library="BuiltIn">
<doc>Runs the given keyword with the given arguments, if ``condition`` is true.</doc>
<arguments>
<arg>"${objecttype}"=="Log"</arg>
<arg>SanityCommon.Send To Log</arg>
<arg>${wnd_object}</arg>
<arg>ELSE IF</arg>
<arg>'${objecttype}'=='Element'</arg>
<arg>SanityCommon.Verify Element</arg>
<arg>${wnd_object}</arg>
<arg>ELSE IF</arg>
<arg>'${objecttype}'=='Click Element'</arg>
<arg>SanityCommon.Verify Element</arg>
<arg>${wnd_object}</arg>
<arg>ELSE IF</arg>
<arg>'${objecttype}'=='Button'</arg>
<arg>SanityCommon.Verify Button</arg>
<arg>${wnd_object}</arg>
<arg>ELSE IF</arg>
<arg>'${objecttype}'=='Checkbox'</arg>
<arg>SanityCommon.Verify Checkbox</arg>
<arg>${wnd_object}</arg>
<arg>ELSE IF</arg>
<arg>'${objecttype}'=='Radio'</arg>
<arg>SanityCommon.Verify Radio Button</arg>
<arg>${wnd_object}</arg>
<arg>ELSE IF</arg>
<arg>'${objecttype}'=='Link'</arg>
<arg>SanityCommon.Verify Link</arg>
<arg>${wnd_object}</arg>
<arg>ELSE IF</arg>
<arg>'${objecttype}'=='Image'</arg>
<arg>SanityCommon.Verify Image</arg>
<arg>${wnd_object}</arg>
<arg>ELSE</arg>
<arg>SanityCommon.Verify Text Field</arg>
<arg>${wnd_object}</arg>
</arguments>
<assign>
<var>${var2}</var>
</assign>
<kw name="Verify Text Field" library="SanityCommon">
<arguments>
<arg>${wnd_object}</arg>
</arguments>
<kw name="Page Should Contain Textfield" library="SeleniumLibrary">
<doc>Verifies text field ``locator`` is found from current page.</doc>
<arguments>
<arg>${wnd_object}</arg>
</arguments>
<msg timestamp="20200703 16:20:23.131" level="INFO">Current page contains text field 'Name:userName'.</msg>
<status status="PASS" starttime="20200703 16:20:23.112" endtime="20200703 16:20:23.131"></status>
</kw>
<status status="PASS" starttime="20200703 16:20:23.111" endtime="20200703 16:20:23.131"></status>
</kw>
<msg timestamp="20200703 16:20:23.131" level="INFO">${var2} = None</msg>
<status status="PASS" starttime="20200703 16:20:23.110" endtime="20200703 16:20:23.131"></status>
</kw>
<kw name="Log Title" library="SeleniumLibrary">
<doc>Logs and returns the title of the current page.</doc>
<msg timestamp="20200703 16:20:23.134" level="INFO">Welcome: Mercury Tours</msg>
<status status="PASS" starttime="20200703 16:20:23.131" endtime="20200703 16:20:23.135"></status>
</kw>
<kw name="Pass Execution" library="BuiltIn">
<doc>Skips rest of the current test, setup, or teardown with PASS status.</doc>
<arguments>
<arg>"Test Completed"</arg>
</arguments>
<msg timestamp="20200703 16:20:23.135" level="INFO">Execution passed with message:
"Test Completed"</msg>
<status status="PASS" starttime="20200703 16:20:23.135" endtime="20200703 16:20:23.135"></status>
</kw>
<status status="PASS" starttime="20200703 16:20:23.106" endtime="20200703 16:20:23.135"></status>
</kw>
<status status="PASS" starttime="20200703 16:20:23.105" endtime="20200703 16:20:23.136" critical="yes">"Test Completed"</status>
</test>
<test id="s1-t14" name="Tours Page Object Tests - TC14 - Password input">
<kw name="Sanity Test New Tours">
<arguments>
<arg>TC14</arg>
<arg>Welcome: Mercury Tours</arg>
<arg>Name:password</arg>
<arg>Password</arg>
</arguments>
<kw name="Get Title" library="SeleniumLibrary">
<doc>Returns the title of the current page.</doc>
<assign>
<var>${wnd_title}</var>
</assign>
<msg timestamp="20200703 16:20:23.142" level="INFO">${wnd_title} = Welcome: Mercury Tours</msg>
<status status="PASS" starttime="20200703 16:20:23.138" endtime="20200703 16:20:23.142"></status>
</kw>
<kw name="Run Keyword If" library="BuiltIn">
<doc>Runs the given keyword with the given arguments, if ``condition`` is true.</doc>
<arguments>
<arg>"${wnd_name}"=="${wnd_title}"</arg>
<arg>No Operation</arg>
</arguments>
<assign>
<var>${var1}</var>
</assign>
<kw name="No Operation" library="BuiltIn">
<doc>Does absolutely nothing.</doc>
<status status="PASS" starttime="20200703 16:20:23.143" endtime="20200703 16:20:23.143"></status>
</kw>
<msg timestamp="20200703 16:20:23.143" level="INFO">${var1} = None</msg>
<status status="PASS" starttime="20200703 16:20:23.143" endtime="20200703 16:20:23.143"></status>
</kw>
<kw name="Run Keyword If" library="BuiltIn">
<doc>Runs the given keyword with the given arguments, if ``condition`` is true.</doc>
<arguments>
<arg>"${wnd_name}"!="${wnd_title}"</arg>
<arg>SanityCommon.Prepare For Page Change</arg>
<arg>${wnd_name}</arg>
<arg>${wnd_title}</arg>
[...]
</kw>
<kw name="Run Keyword If" library="BuiltIn">
<doc>Runs the given keyword with the given arguments, if ``condition`` is true.</doc>
<arguments>
<arg>"${wnd_name}"=="${wnd_title}"</arg>
<arg>No Operation</arg>
</arguments>
<assign>
<var>${var1}</var>
</assign>
<kw name="No Operation" library="BuiltIn">
<doc>Does absolutely nothing.</doc>
<status status="PASS" starttime="20200703 16:20:34.182" endtime="20200703 16:20:34.182"></status>
</kw>
<msg timestamp="20200703 16:20:34.182" level="INFO">${var1} = None</msg>
<status status="PASS" starttime="20200703 16:20:34.181" endtime="20200703 16:20:34.182"></status>
</kw>
<kw name="Run Keyword If" library="BuiltIn">
<doc>Runs the given keyword with the given arguments, if ``condition`` is true.</doc>
<arguments>
<arg>"${wnd_name}"!="${wnd_title}"</arg>
<arg>SanityCommon.Prepare For Page Change</arg>
<arg>${wnd_name}</arg>
<arg>${wnd_title}</arg>
<arg>${wnd_object}</arg>
</arguments>
<assign>
<var>${var1}</var>
</assign>
<msg timestamp="20200703 16:20:34.182" level="INFO">${var1} = None</msg>
<status status="PASS" starttime="20200703 16:20:34.182" endtime="20200703 16:20:34.182"></status>
</kw>
<kw name="Run Keyword If" library="BuiltIn">
<doc>Runs the given keyword with the given arguments, if ``condition`` is true.</doc>
<arguments>
<arg>"${objecttype}"=="Log"</arg>
<arg>SanityCommon.Send To Log</arg>
<arg>${wnd_object}</arg>
<arg>ELSE IF</arg>
<arg>'${objecttype}'=='Element'</arg>
<arg>SanityCommon.Verify Element</arg>
<arg>${wnd_object}</arg>
<arg>ELSE IF</arg>
<arg>'${objecttype}'=='Click Element'</arg>
<arg>SanityCommon.Verify Element</arg>
<arg>${wnd_object}</arg>
<arg>ELSE IF</arg>
<arg>'${objecttype}'=='Button'</arg>
<arg>SanityCommon.Verify Button</arg>
<arg>${wnd_object}</arg>
<arg>ELSE IF</arg>
<arg>'${objecttype}'=='Checkbox'</arg>
<arg>SanityCommon.Verify Checkbox</arg>
<arg>${wnd_object}</arg>
<arg>ELSE IF</arg>
<arg>'${objecttype}'=='Radio'</arg>
<arg>SanityCommon.Verify Radio Button</arg>
<arg>${wnd_object}</arg>
<arg>ELSE IF</arg>
<arg>'${objecttype}'=='Link'</arg>
<arg>SanityCommon.Verify Link</arg>
<arg>${wnd_object}</arg>
<arg>ELSE IF</arg>
<arg>'${objecttype}'=='Image'</arg>
<arg>SanityCommon.Verify Image</arg>
<arg>${wnd_object}</arg>
<arg>ELSE</arg>
<arg>SanityCommon.Verify Text Field</arg>
<arg>${wnd_object}</arg>
</arguments>
<assign>
<var>${var2}</var>
</assign>
<kw name="Verify Text Field" library="SanityCommon">
<arguments>
<arg>${wnd_object}</arg>
</arguments>
<kw name="Page Should Contain Textfield" library="SeleniumLibrary">
<doc>Verifies text field ``locator`` is found from current page.</doc>
<arguments>
<arg>${wnd_object}</arg>
</arguments>
<msg timestamp="20200703 16:20:34.207" level="INFO">Current page contains text field '//input[@name="email"]'.</msg>
<status status="PASS" starttime="20200703 16:20:34.184" endtime="20200703 16:20:34.208"></status>
</kw>
<status status="PASS" starttime="20200703 16:20:34.184" endtime="20200703 16:20:34.208"></status>
</kw>
<msg timestamp="20200703 16:20:34.209" level="INFO">${var2} = None</msg>
<status status="PASS" starttime="20200703 16:20:34.183" endtime="20200703 16:20:34.209"></status>
</kw>
<kw name="Log Title" library="SeleniumLibrary">
<doc>Logs and returns the title of the current page.</doc>
<msg timestamp="20200703 16:20:34.213" level="INFO">Register: Mercury Tours</msg>
<status status="PASS" starttime="20200703 16:20:34.209" endtime="20200703 16:20:34.213"></status>
</kw>
<kw name="Pass Execution" library="BuiltIn">
<doc>Skips rest of the current test, setup, or teardown with PASS status.</doc>
<arguments>
<arg>"Test Completed"</arg>
</arguments>
<msg timestamp="20200703 16:20:34.213" level="INFO">Execution passed with message:
"Test Completed"</msg>
<status status="PASS" starttime="20200703 16:20:34.213" endtime="20200703 16:20:34.213"></status>
</kw>
<status status="PASS" starttime="20200703 16:20:34.176" endtime="20200703 16:20:34.213"></status>
</kw>
<status status="PASS" starttime="20200703 16:20:34.174" endtime="20200703 16:20:34.214" critical="yes">"Test Completed"</status>
</test>
<test id="s1-t80" name="Tours Page Object Tests - TC80 - Password">
<kw name="Sanity Test New Tours">
<arguments>
<arg>TC80</arg>
<arg>Register: Mercury Tours</arg>
<arg>//input[@name="password"]</arg>
<arg>Text</arg>
</arguments>
<kw name="Get Title" library="SeleniumLibrary">
<doc>Returns the title of the current page.</doc>
<assign>
<var>${wnd_title}</var>
</assign>
<msg timestamp="20200703 16:20:34.221" level="INFO">${wnd_title} = Register: Mercury Tours</msg>
<status status="PASS" starttime="20200703 16:20:34.217" endtime="20200703 16:20:34.221"></status>
</kw>
<kw name="Run Keyword If" library="BuiltIn">
<doc>Runs the given keyword with the given arguments, if ``condition`` is true.</doc>
<arguments>
<arg>"${wnd_name}"=="${wnd_title}"</arg>
<arg>No Operation</arg>
</arguments>
<assign>
<var>${var1}</var>
</assign>
<kw name="No Operation" library="BuiltIn">
<doc>Does absolutely nothing.</doc>
<status status="PASS" starttime="20200703 16:20:34.221" endtime="20200703 16:20:34.222"></status>
</kw>
<msg timestamp="20200703 16:20:34.222" level="INFO">${var1} = None</msg>
<status status="PASS" starttime="20200703 16:20:34.221" endtime="20200703 16:20:34.222"></status>
</kw>
<kw name="Run Keyword If" library="BuiltIn">
<doc>Runs the given keyword with the given arguments, if ``condition`` is true.</doc>
<arguments>
<arg>"${wnd_name}"!="${wnd_title}"</arg>
<arg>SanityCommon.Prepare For Page Change</arg>
<arg>${wnd_name}</arg>
<arg>${wnd_title}</arg>
<arg>${wnd_object}</arg>
</arguments>
<assign>
<var>${var1}</var>
</assign>
<msg timestamp="20200703 16:20:34.222" level="INFO">${var1} = None</msg>
<status status="PASS" starttime="20200703 16:20:34.222" endtime="20200703 16:20:34.222"></status>
</kw>
<kw name="Run Keyword If" library="BuiltIn">
<doc>Runs the given keyword with the given arguments, if ``condition`` is true.</doc>
<arguments>
<arg>"${objecttype}"=="Log"</arg>
<arg>SanityCommon.Send To Log</arg>
<arg>${wnd_object}</arg>
<arg>ELSE IF</arg>
<arg>'${objecttype}'=='Element'</arg>
<arg>SanityCommon.Verify Element</arg>
<arg>${wnd_object}</arg>
<arg>ELSE IF</arg>
<arg>'${objecttype}'=='Click Element'</arg>
<arg>SanityCommon.Verify Element</arg>
<arg>${wnd_object}</arg>
<arg>ELSE IF</arg>
<arg>'${objecttype}'=='Button'</arg>
<arg>SanityCommon.Verify Button</arg>
<arg>${wnd_object}</arg>
<arg>ELSE IF</arg>
<arg>'${objecttype}'=='Checkbox'</arg>
<arg>SanityCommon.Verify Checkbox</arg>
<arg>${wnd_object}</arg>
<arg>ELSE IF</arg>
<arg>'${objecttype}'=='Radio'</arg>
<arg>SanityCommon.Verify Radio Button</arg>
<arg>${wnd_object}</arg>
<arg>ELSE IF</arg>
<arg>'${objecttype}'=='Link'</arg>
<arg>SanityCommon.Verify Link</arg>
<arg>${wnd_object}</arg>
<arg>ELSE IF</arg>
<arg>'${objecttype}'=='Image'</arg>
<arg>SanityCommon.Verify Image</arg>
<arg>${wnd_object}</arg>
<arg>ELSE</arg>
<arg>SanityCommon.Verify Text Field</arg>
<arg>${wnd_object}</arg>
</arguments>
<assign>
<var>${var2}</var>
</assign>
<kw name="Verify Text Field" library="SanityCommon">
<arguments>
<arg>${wnd_object}</arg>
</arguments>
<kw name="Page Should Contain Textfield" library="SeleniumLibrary">
<doc>Verifies text field ``locator`` is found from current page.</doc>
<arguments>
<arg>${wnd_object}</arg>
</arguments>
<msg timestamp="20200703 16:20:34.247" level="INFO">Current page contains text field '//input[@name="password"]'.</msg>
<status status="PASS" starttime="20200703 16:20:34.225" endtime="20200703 16:20:34.247"></status>
</kw>
<status status="PASS" starttime="20200703 16:20:34.224" endtime="20200703 16:20:34.247"></status>
</kw>
<msg timestamp="20200703 16:20:34.247" level="INFO">${var2} = None</msg>
<status status="PASS" starttime="20200703 16:20:34.223" endtime="20200703 16:20:34.247"></status>
</kw>
<kw name="Log Title" library="SeleniumLibrary">
<doc>Logs and returns the title of the current page.</doc>
<msg timestamp="20200703 16:20:34.251" level="INFO">Register: Mercury Tours</msg>
<status status="PASS" starttime="20200703 16:20:34.248" endtime="20200703 16:20:34.251"></status>
</kw>
<kw name="Pass Execution" library="BuiltIn">
<doc>Skips rest of the current test, setup, or teardown with PASS status.</doc>
<arguments>
<arg>"Test Completed"</arg>
</arguments>
<msg timestamp="20200703 16:20:34.251" level="INFO">Execution passed with message:
"Test Completed"</msg>
<status status="PASS" starttime="20200703 16:20:34.251" endtime="20200703 16:20:34.251"></status>
</kw>
<status status="PASS" starttime="20200703 16:20:34.216" endtime="20200703 16:20:34.251"></status>
</kw>
<status status="PASS" starttime="20200703 16:20:34.215" endtime="20200703 16:20:34.252" critical="yes">"Test Completed"</status>
</test>
<test id="s1-t81" name="Tours Page Object Tests - TC81 - Confirm password">
<kw name="Sanity Test New Tours">
<arguments>
<arg>TC81</arg>
<arg>Register: Mercury Tours</arg>
<arg>//input[@name="confirmPassword"]</arg>
<arg>Text</arg>
</arguments>
<kw name="Get Title" library="SeleniumLibrary">
<doc>Returns the title of the current page.</doc>
<assign>
<var>${wnd_title}</var>
</assign>
<msg timestamp="20200703 16:20:34.258" level="INFO">${wnd_title} = Register: Mercury Tours</msg>
<status status="PASS" starttime="20200703 16:20:34.254" endtime="20200703 16:20:34.258"></status>
</kw>
<kw name="Run Keyword If" library="BuiltIn">
<doc>Runs the given keyword with the given arguments, if ``condition`` is true.</doc>
<arguments>
<arg>"${wnd_name}"=="${wnd_title}"</arg>
<arg>No Operation</arg>
</arguments>
<assign>
<var>${var1}</var>
</assign>
<kw name="No Operation" library="BuiltIn">
<doc>Does absolutely nothing.</doc>
<status status="PASS" starttime="20200703 16:20:34.259" endtime="20200703 16:20:34.259"></status>
</kw>
<msg timestamp="20200703 16:20:34.259" level="INFO">${var1} = None</msg>
<status status="PASS" starttime="20200703 16:20:34.258" endtime="20200703 16:20:34.259"></status>
</kw>
<kw name="Run Keyword If" library="BuiltIn">
<doc>Runs the given keyword with the given arguments, if ``condition`` is true.</doc>
<arguments>
<arg>"${wnd_name}"!="${wnd_title}"</arg>
<arg>SanityCommon.Prepare For Page Change</arg>
<arg>${wnd_name}</arg>
<arg>${wnd_title}</arg>
<arg>${wnd_object}</arg>
</arguments>
<assign>
<var>${var1}</var>
</assign>
<msg timestamp="20200703 16:20:34.259" level="INFO">${var1} = None</msg>
<status status="PASS" starttime="20200703 16:20:34.259" endtime="20200703 16:20:34.259"></status>
</kw>
<kw name="Run Keyword If" library="BuiltIn">
<doc>Runs the given keyword with the given arguments, if ``condition`` is true.</doc>
<arguments>
<arg>"${objecttype}"=="Log"</arg>
<arg>SanityCommon.Send To Log</arg>
<arg>${wnd_object}</arg>
<arg>ELSE IF</arg>
<arg>'${objecttype}'=='Element'</arg>
<arg>SanityCommon.Verify Element</arg>
<arg>${wnd_object}</arg>
<arg>ELSE IF</arg>
<arg>'${objecttype}'=='Click Element'</arg>
<arg>SanityCommon.Verify Element</arg>
<arg>${wnd_object}</arg>
<arg>ELSE IF</arg>
<arg>'${objecttype}'=='Button'</arg>
<arg>SanityCommon.Verify Button</arg>
<arg>${wnd_object}</arg>
<arg>ELSE IF</arg>
<arg>'${objecttype}'=='Checkbox'</arg>
<arg>SanityCommon.Verify Checkbox</arg>
<arg>${wnd_object}</arg>
<arg>ELSE IF</arg>
<arg>'${objecttype}'=='Radio'</arg>
<arg>SanityCommon.Verify Radio Button</arg>
<arg>${wnd_object}</arg>
<arg>ELSE IF</arg>
<arg>'${objecttype}'=='Link'</arg>
<arg>SanityCommon.Verify Link</arg>
<arg>${wnd_object}</arg>
<arg>ELSE IF</arg>
<arg>'${objecttype}'=='Image'</arg>
<arg>SanityCommon.Verify Image</arg>
<arg>${wnd_object}</arg>
<arg>ELSE</arg>
<arg>SanityCommon.Verify Text Field</arg>
<arg>${wnd_object}</arg>
</arguments>
<assign>
<var>${var2}</var>
</assign>
<kw name="Verify Text Field" library="SanityCommon">
<arguments>
<arg>${wnd_object}</arg>
</arguments>
<kw name="Page Should Contain Textfield" library="SeleniumLibrary">
<doc>Verifies text field ``locator`` is found from current page.</doc>
<arguments>
<arg>${wnd_object}</arg>
</arguments>
<msg timestamp="20200703 16:20:34.285" level="INFO">Current page contains text field '//input[@name="confirmPassword"]'.</msg>
<status status="PASS" starttime="20200703 16:20:34.261" endtime="20200703 16:20:34.285"></status>
</kw>
<status status="PASS" starttime="20200703 16:20:34.260" endtime="20200703 16:20:34.285"></status>
</kw>
<msg timestamp="20200703 16:20:34.285" level="INFO">${var2} = None</msg>
<status status="PASS" starttime="20200703 16:20:34.259" endtime="20200703 16:20:34.285"></status>
</kw>
<kw name="Log Title" library="SeleniumLibrary">
<doc>Logs and returns the title of the current page.</doc>
<msg timestamp="20200703 16:20:34.289" level="INFO">Register: Mercury Tours</msg>
<status status="PASS" starttime="20200703 16:20:34.286" endtime="20200703 16:20:34.290"></status>
</kw>
<kw name="Pass Execution" library="BuiltIn">
<doc>Skips rest of the current test, setup, or teardown with PASS status.</doc>
<arguments>
<arg>"Test Completed"</arg>
</arguments>
<msg timestamp="20200703 16:20:34.290" level="INFO">Execution passed with message:
"Test Completed"</msg>
<status status="PASS" starttime="20200703 16:20:34.290" endtime="20200703 16:20:34.291"></status>
</kw>
<status status="PASS" starttime="20200703 16:20:34.253" endtime="20200703 16:20:34.291"></status>
</kw>
<status status="PASS" starttime="20200703 16:20:34.253" endtime="20200703 16:20:34.292" critical="yes">"Test Completed"</status>
</test>
<test id="s1-t82" name="Tours Page Object Tests - TC82 - Register Submit button">
<kw name="Sanity Test New Tours">
<arguments>
<arg>TC82</arg>
<arg>Register: Mercury Tours</arg>
<arg>//input[@name="register"]</arg>
<arg>Element</arg>
</arguments>
<kw name="Get Title" library="SeleniumLibrary">
<doc>Returns the title of the current page.</doc>
<assign>
<var>${wnd_title}</var>
</assign>
<msg timestamp="20200703 16:20:34.299" level="INFO">${wnd_title} = Register: Mercury Tours</msg>
<status status="PASS" starttime="20200703 16:20:34.294" endtime="20200703 16:20:34.299"></status>
</kw>
<kw name="Run Keyword If" library="BuiltIn">
<doc>Runs the given keyword with the given arguments, if ``condition`` is true.</doc>
<arguments>
<arg>"${wnd_name}"=="${wnd_title}"</arg>
<arg>No Operation</arg>
</arguments>
<assign>
<var>${var1}</var>
</assign>
<kw name="No Operation" library="BuiltIn">
<doc>Does absolutely nothing.</doc>
<status status="PASS" starttime="20200703 16:20:34.299" endtime="20200703 16:20:34.299"></status>
</kw>
<msg timestamp="20200703 16:20:34.299" level="INFO">${var1} = None</msg>
<status status="PASS" starttime="20200703 16:20:34.299" endtime="20200703 16:20:34.299"></status>
</kw>
<kw name="Run Keyword If" library="BuiltIn">
<doc>Runs the given keyword with the given arguments, if ``condition`` is true.</doc>
<arguments>
<arg>"${wnd_name}"!="${wnd_title}"</arg>
<arg>SanityCommon.Prepare For Page Change</arg>
<arg>${wnd_name}</arg>
<arg>${wnd_title}</arg>
<arg>${wnd_object}</arg>
</arguments>
<assign>
<var>${var1}</var>
</assign>
<msg timestamp="20200703 16:20:34.300" level="INFO">${var1} = None</msg>
<status status="PASS" starttime="20200703 16:20:34.300" endtime="20200703 16:20:34.300"></status>
</kw>
<kw name="Run Keyword If" library="BuiltIn">
<doc>Runs the given keyword with the given arguments, if ``condition`` is true.</doc>
<arguments>
<arg>"${objecttype}"=="Log"</arg>
<arg>SanityCommon.Send To Log</arg>
<arg>${wnd_object}</arg>
<arg>ELSE IF</arg>
<arg>'${objecttype}'=='Element'</arg>
<arg>SanityCommon.Verify Element</arg>
<arg>${wnd_object}</arg>
<arg>ELSE IF</arg>
<arg>'${objecttype}'=='Click Element'</arg>
<arg>SanityCommon.Verify Element</arg>
<arg>${wnd_object}</arg>
<arg>ELSE IF</arg>
<arg>'${objecttype}'=='Button'</arg>
<arg>SanityCommon.Verify Button</arg>
<arg>${wnd_object}</arg>
<arg>ELSE IF</arg>
<arg>'${objecttype}'=='Checkbox'</arg>
<arg>SanityCommon.Verify Checkbox</arg>
<arg>${wnd_object}</arg>
<arg>ELSE IF</arg>
<arg>'${objecttype}'=='Radio'</arg>
<arg>SanityCommon.Verify Radio Button</arg>
<arg>${wnd_object}</arg>
<arg>ELSE IF</arg>
<arg>'${objecttype}'=='Link'</arg>
<arg>SanityCommon.Verify Link</arg>
<arg>${wnd_object}</arg>
<arg>ELSE IF</arg>
<arg>'${objecttype}'=='Image'</arg>
<arg>SanityCommon.Verify Image</arg>
<arg>${wnd_object}</arg>
<arg>ELSE</arg>
<arg>SanityCommon.Verify Text Field</arg>
<arg>${wnd_object}</arg>
</arguments>
<assign>
<var>${var2}</var>
</assign>
<kw name="Verify Element" library="SanityCommon">
<arguments>
<arg>${wnd_object}</arg>
</arguments>
<kw name="Page Should Contain Element" library="SeleniumLibrary">
<doc>Verifies that element ``locator`` is found on the current page.</doc>
<arguments>
<arg>${wnd_object}</arg>
</arguments>
<msg timestamp="20200703 16:20:34.314" level="INFO">Current page contains element '//input[@name="register"]'.</msg>
<status status="PASS" starttime="20200703 16:20:34.301" endtime="20200703 16:20:34.314"></status>
</kw>
<status status="PASS" starttime="20200703 16:20:34.300" endtime="20200703 16:20:34.315"></status>
</kw>
<msg timestamp="20200703 16:20:34.315" level="INFO">${var2} = None</msg>
<status status="PASS" starttime="20200703 16:20:34.300" endtime="20200703 16:20:34.315"></status>
</kw>
<kw name="Log Title" library="SeleniumLibrary">
<doc>Logs and returns the title of the current page.</doc>
<msg timestamp="20200703 16:20:34.318" level="INFO">Register: Mercury Tours</msg>
<status status="PASS" starttime="20200703 16:20:34.315" endtime="20200703 16:20:34.318"></status>
</kw>
<kw name="Pass Execution" library="BuiltIn">
<doc>Skips rest of the current test, setup, or teardown with PASS status.</doc>
<arguments>
<arg>"Test Completed"</arg>
</arguments>
<msg timestamp="20200703 16:20:34.319" level="INFO">Execution passed with message:
"Test Completed"</msg>
<status status="PASS" starttime="20200703 16:20:34.318" endtime="20200703 16:20:34.319"></status>
</kw>
<status status="PASS" starttime="20200703 16:20:34.294" endtime="20200703 16:20:34.319"></status>
</kw>
<status status="PASS" starttime="20200703 16:20:34.293" endtime="20200703 16:20:34.319" critical="yes">"Test Completed"</status>
</test>
<kw name="Stop Test" library="SanityCommon" type="teardown">
<arguments>
<arg>${wnd_object}</arg>
</arguments>
<kw name="Click Link" library="SeleniumLibrary">
<doc>Clicks a link identified by ``locator``.</doc>
<arguments>
<arg>${HP_home}</arg>
</arguments>
<msg timestamp="20200703 16:20:34.323" level="INFO">Clicking link 'Link:Home'.</msg>
<status status="PASS" starttime="20200703 16:20:34.322" endtime="20200703 16:20:34.715"></status>
</kw>
<kw name="Close Browser" library="SeleniumLibrary">
<doc>Closes the current browser.</doc>
<status status="PASS" starttime="20200703 16:20:34.715" endtime="20200703 16:20:36.914"></status>
</kw>
<kw name="Close All Excel Documents" library="ExcelLibrary">
<doc>Closes all opened documents.</doc>
<status status="PASS" starttime="20200703 16:20:36.914" endtime="20200703 16:20:36.914"></status>
</kw>
<status status="PASS" starttime="20200703 16:20:34.322" endtime="20200703 16:20:36.914"></status>
</kw>
<status status="PASS" starttime="20200703 16:20:12.176" endtime="20200703 16:20:36.914"></status>
</suite>
<statistics>
<total>
<stat pass="82" fail="0">Critical Tests</stat>
<stat pass="82" fail="0">All Tests</stat>
</total>
<tag>
</tag>
<suite>
<stat pass="82" fail="0" id="s1" name="Sanity PageTests">Sanity PageTests</stat>
</suite>
</statistics>
<errors>
</errors>
</robot>
